**************JSON INFORMATION***************
**************JSON INFORMATION***************
**************JSON INFORMATION***************
branch_strategy: cluster
cluster_length: 6
max_branch_time: 7200
max_branch_num: 200000
min_gap: 0
isEucli: 0
cluster	
max routes: 50
cluster length minus: 
0	
**************JSON INFORMATION***************
**************JSON INFORMATION***************
**************JSON INFORMATION***************
******************Basic Information of Parameter**********************
******************Basic Information of Parameter**********************
******************Basic Information of Parameter**********************
Parameter: diff = 1
Parameter: multiplier = 1.36438e-314
Parameter: fixthreshold = 1: 0.8
0: -0.1
Parameter: LpSolvingTime = 600
Parameter: maxRoute = 50
Parameter: squeezethreshold = 1e+08
Parameter: maxTime = 3600
Parameter: dualCoeVec = [0.6,1,]
10,100000000,]
numNode	numCus	ID_Depot	Mile(min)	Begin	End	numUAV
11	10	0	10	0	12	50
time_vec & deta1 & deta2:
0	1111112	3	3	2	3	2	3	2	3	3	2	0	100000
1	3	1111112	1	1	1	1	1	1	1	1	2	0	6
2	3	1	1111112	1	1	1	1	1	1	1	2	0	6
3	2	1	1	1111112	1	1	1	1	1	1	1	0	6
4	3	1	1	1	1111112	1	1	1	1	1	1	0	12
5	2	1	1	1	1	1111112	1	1	1	1	1	0	3
6	3	1	1	1	1	1	1111112	1	1	1	1	0	6
7	2	1	1	1	1	1	1	1111112	1	1	1	0	6
8	3	1	1	1	1	1	1	1	1111112	1	1	0	6
9	3	1	1	1	1	1	1	1	1	1111112	1	0	6
10	2	2	2	1	1	1	1	1	1	1	1111112	0	3
************Basic Information of Instance*****************

Number of Customers=10
Max Number of UAVs=50
Max Flying Time of UAV=10
Planning Horizon=[0,12]
Number of time point=12
************Basic Information of Utility*****************

cluster length = 6
cluster length minus= 0
max_branch_time = 7200
max_branch_num = 200000
branch strategies = [cluster,]
switch branch strategy time = [7200,7200,]
switch branch strategy num = [300000,480000,]

**********************************************************

it's dealing to get arc set....
node size = 132
arc size = 1200
The objective of subproblem iter1=100000
The objective of subproblem iter2=100000
The objective of subproblem iter3=100000
The objective of subproblem iter4=100000
The objective of subproblem iter5=100000
The objective of subproblem iter6=100000
The objective of subproblem iter7=100000
The objective of subproblem iter8=100000
The objective of subproblem iter9=100000
The objective of subproblem iter10=100000
The objective of subproblem iter11=100000
The objective of subproblem iter12=100000
The objective of subproblem iter13=100000
The objective of subproblem iter14=100000
The objective of subproblem iter15=100000
The objective of subproblem iter16=100000
The objective of subproblem iter17=100000
The objective of subproblem iter18=100000
The objective of subproblem iter19=100000
The objective of subproblem iter20=100000
The objective of subproblem iter21=100000
The objective of subproblem iter22=100000
The objective of subproblem iter23=100000
The objective of subproblem iter24=100000
The objective of subproblem iter25=100000
The objective of subproblem iter26=100000
The objective of subproblem iter27=100000
The objective of subproblem iter28=100000
The objective of subproblem iter29=100000
The objective of subproblem iter30=100000
The objective of subproblem iter31=100000
The objective of subproblem iter32=100000
The objective of subproblem iter33=100000
The objective of subproblem iter34=100000
The objective of subproblem iter35=100000
The objective of subproblem iter36=100000
The objective of subproblem iter37=100000
The objective of subproblem iter38=100000
The objective of subproblem iter39=100000
The objective of subproblem iter40=100000
The objective of subproblem iter41=100000
The objective of subproblem iter42=91
The objective of subproblem iter43=91
The objective of subproblem iter44=91
The objective of subproblem iter45=91
The objective of subproblem iter46=91
The objective of subproblem iter47=91
The objective of subproblem iter48=91
The objective of subproblem iter49=91
The objective of subproblem iter50=91
The objective of subproblem iter51=90.5
The objective of subproblem iter52=90.5
The objective of subproblem iter53=89.5
The objective of subproblem iter54=88.75
The objective of subproblem iter55=88.75
The objective of subproblem iter56=82.2375
The objective of subproblem iter57=81.75
The objective of subproblem iter58=79.5
The objective of subproblem iter59=79.5
The objective of subproblem iter60=79.5
The objective of subproblem iter61=79.5
The objective of subproblem iter62=79.5
The objective of subproblem iter63=79.5
The objective of subproblem iter64=79.5
The objective of subproblem iter65=79.5
The objective of subproblem iter66=79.5
The objective of subproblem iter67=79.5
The objective of subproblem iter68=79.5
The objective of subproblem iter69=79.5
The objective of subproblem iter70=79.5
The objective of subproblem iter71=79.5
The objective of subproblem iter72=79.5
The objective of subproblem iter73=79.5
The objective of subproblem iter74=79.5
The objective of subproblem iter75=79.5
The objective of subproblem iter76=79.5
The objective of subproblem iter77=79.5
The objective of subproblem iter78=79.5


******************* update the dual alpha *******************


******************* update the label size *******************
The objective of subproblem iter79=79.1127
