**************JSON INFORMATION***************
**************JSON INFORMATION***************
**************JSON INFORMATION***************
branch_strategy: cluster
cluster_length: 6
max_branch_time: 7200
max_branch_num: 200000
min_gap: 0
isEucli: 0
cluster	
max routes: 50
cluster length minus: 
0	
**************JSON INFORMATION***************
**************JSON INFORMATION***************
**************JSON INFORMATION***************
******************Basic Information of Parameter**********************
******************Basic Information of Parameter**********************
******************Basic Information of Parameter**********************
Parameter: diff = 1
Parameter: multiplier = 4.99379e-315
Parameter: fixthreshold = 1: 0.8
0: -0.1
Parameter: LpSolvingTime = 600
Parameter: maxRoute = 50
Parameter: squeezethreshold = 1e+08
Parameter: maxTime = 3600
Parameter: dualCoeVec = [0.6,1,]
10,100000000,]
numNode	numCus	ID_Depot	Mile(min)	Begin	End	numUAV
26	25	0	20	0	24	100
time_vec & deta1 & deta2:
0	2222223	5	5	4	5	4	5	4	5	5	4	5	9	7	9	9	9	8	8	9	3	3	3	3	4	4	0	100000
1	5	2222223	1	1	1	1	2	2	2	2	3	3	6	6	7	7	7	7	7	8	6	5	6	5	6	6	0	6
2	5	1	2222223	2	1	2	2	2	2	2	3	3	6	6	7	6	7	7	7	8	6	6	6	6	7	6	0	18
3	4	1	2	2222223	1	1	1	1	1	2	2	2	6	5	7	6	7	6	7	7	5	5	5	4	6	5	0	18
4	5	1	1	1	2222223	1	1	1	1	1	2	2	6	5	6	6	7	6	7	7	5	5	5	5	6	6	0	6
5	4	1	2	1	1	2222223	1	1	2	2	2	2	6	5	7	6	7	6	7	7	5	4	5	4	6	5	0	6
6	5	2	2	1	1	1	2222223	1	1	1	2	2	5	5	6	6	6	6	6	7	5	5	5	5	6	6	0	24
7	4	2	2	1	1	1	1	2222223	1	1	2	2	6	5	6	6	7	6	6	7	5	4	5	4	5	5	0	24
8	5	2	2	1	1	2	1	1	2222223	1	1	1	5	4	6	5	6	5	6	6	5	4	5	4	5	5	0	12
9	5	2	2	2	1	2	1	1	1	2222223	2	1	5	4	5	5	6	5	6	6	5	5	5	5	6	5	0	12
10	4	3	3	2	2	2	2	2	1	2	2222223	1	5	4	6	5	6	5	5	6	4	4	4	3	5	4	0	18
11	5	3	3	2	2	2	2	2	1	1	1	2222223	5	4	5	5	5	5	5	6	5	4	5	4	5	5	0	24
12	9	6	6	6	6	6	5	6	5	5	5	5	2222223	3	1	2	2	3	4	3	8	8	8	7	8	8	0	12
13	7	6	6	5	5	5	5	5	4	4	4	4	3	2222223	3	2	3	1	2	2	6	6	6	5	6	6	0	18
14	9	7	7	7	6	7	6	6	6	5	6	5	1	3	2222223	2	1	3	3	2	8	8	8	7	8	8	0	24
15	9	7	6	6	6	6	6	6	5	5	5	5	2	2	2	2222223	2	2	2	2	8	7	7	6	7	7	0	12
16	9	7	7	7	7	7	6	7	6	6	6	5	2	3	1	2	2222223	3	3	2	9	8	8	7	8	8	0	24
17	8	7	7	6	6	6	6	6	5	5	5	5	3	1	3	2	3	2222223	1	2	7	6	6	5	6	6	0	24
18	8	7	7	7	7	7	6	6	6	6	5	5	4	2	3	2	3	1	2222223	2	7	7	6	6	6	6	0	18
19	9	8	8	7	7	7	7	7	6	6	6	6	3	2	2	2	2	2	2	2222223	8	8	7	7	8	7	0	24
20	3	6	6	5	5	5	5	5	5	5	4	5	8	6	8	8	9	7	7	8	2222223	1	1	2	2	2	0	24
21	3	5	6	5	5	4	5	4	4	5	4	4	8	6	8	7	8	6	7	8	1	2222223	1	1	2	2	0	12
22	3	6	6	5	5	5	5	5	5	5	4	5	8	6	8	7	8	6	6	7	1	1	2222223	1	1	1	0	24
23	3	5	6	4	5	4	5	4	4	5	3	4	7	5	7	6	7	5	6	7	2	1	1	2222223	2	1	0	24
24	4	6	7	6	6	6	6	5	5	6	5	5	8	6	8	7	8	6	6	8	2	2	1	2	2222223	1	0	18
25	4	6	6	5	6	5	6	5	5	5	4	5	8	6	8	7	8	6	6	7	2	2	1	1	1	2222223	0	24
************Basic Information of Instance*****************

Number of Customers=25
Max Number of UAVs=100
Max Flying Time of UAV=20
Planning Horizon=[0,24]
Number of time point=24
************Basic Information of Utility*****************

cluster length = 6
cluster length minus= 0
max_branch_time = 7200
max_branch_num = 200000
branch strategies = [cluster,]
switch branch strategy time = [7200,7200,]
switch branch strategy num = [300000,480000,]

**********************************************************

it's dealing to get arc set....
node size = 624
arc size = 12729
The objective of subproblem iter1=100000
The objective of subproblem iter2=100000
The objective of subproblem iter3=100000
The objective of subproblem iter4=100000
The objective of subproblem iter5=100000
