**************JSON INFORMATION***************
**************JSON INFORMATION***************
**************JSON INFORMATION***************
branch_strategy: cluster
cluster_length: 6
max_branch_time: 7200
max_branch_num: 200000
min_gap: 0
isEucli: 0
cluster	
max routes: 50
cluster length minus: 
0	
**************JSON INFORMATION***************
**************JSON INFORMATION***************
**************JSON INFORMATION***************
******************Basic Information of Parameter**********************
******************Basic Information of Parameter**********************
******************Basic Information of Parameter**********************
Parameter: diff = 1
Parameter: multiplier = 6.9531e-310
Parameter: fixthreshold = 1: 0.8
0: -0.1
Parameter: LpSolvingTime = 600
Parameter: maxRoute = 50
Parameter: squeezethreshold = 1e+08
Parameter: maxTime = 3600
Parameter: dualCoeVec = [0.6,1,]
10,100000000,]
numNode	numCus	ID_Depot	Mile(min)	Begin	End	numUAV
31	30	0	15	0	18	100
time_vec & deta1 & deta2:
0	1666667	4	4	3	4	3	4	3	4	4	3	4	7	6	7	7	7	6	6	7	2	2	3	3	3	3	3	3	3	4	4	0	100000
1	4	1666667	1	1	1	1	1	1	2	2	2	2	5	5	5	5	6	5	6	6	4	4	4	4	5	5	4	5	5	6	5	0	6
2	4	1	1666667	1	1	1	1	2	2	2	2	2	5	4	5	5	5	5	6	6	5	4	5	4	5	5	5	5	5	6	5	0	12
3	3	1	1	1666667	1	1	1	1	1	1	2	2	5	4	5	5	5	5	5	6	4	4	4	3	4	4	4	4	4	5	5	0	18
4	4	1	1	1	1666667	1	1	1	1	1	2	2	5	4	5	5	5	5	5	5	4	4	4	4	5	4	4	5	4	5	5	0	6
5	3	1	1	1	1	1666667	1	1	1	2	2	2	5	4	5	5	5	5	5	6	4	3	4	3	4	4	4	4	4	5	5	0	18
6	4	1	1	1	1	1	1666667	1	1	1	1	1	4	4	5	4	5	4	5	5	4	4	4	4	5	4	4	5	4	5	5	0	18
7	3	1	2	1	1	1	1	1666667	1	1	1	1	5	4	5	5	5	4	5	5	4	3	4	3	4	4	4	4	4	5	4	0	6
8	4	2	2	1	1	1	1	1	1666667	1	1	1	4	3	4	4	5	4	5	5	4	3	4	3	4	4	4	4	4	5	4	0	6
9	4	2	2	1	1	2	1	1	1	1666667	1	1	4	3	4	4	4	4	4	5	4	4	4	4	4	4	4	4	4	5	4	0	18
10	3	2	2	2	2	2	1	1	1	1	1666667	1	4	3	4	4	5	4	4	5	3	3	3	3	4	3	3	4	3	4	4	0	6
11	4	2	2	2	2	2	1	1	1	1	1	1666667	4	3	4	4	4	4	4	4	4	3	4	3	4	4	3	4	4	5	4	0	6
12	7	5	5	5	5	5	4	5	4	4	4	4	1666667	2	1	2	1	3	3	2	6	6	6	6	6	6	5	6	6	6	6	0	18
13	6	5	4	4	4	4	4	4	3	3	3	3	2	1666667	2	1	2	1	2	2	5	5	4	4	5	4	4	4	4	5	4	0	18
14	7	5	5	5	5	5	5	5	4	4	4	4	1	2	1666667	1	1	2	3	2	6	6	6	6	6	6	6	6	6	6	6	0	12
15	7	5	5	5	5	5	4	5	4	4	4	4	2	1	1	1666667	1	1	2	1	6	5	5	5	6	5	5	5	5	5	5	0	18
16	7	6	5	5	5	5	5	5	5	4	5	4	1	2	1	1	1666667	2	2	2	7	6	6	6	6	6	6	6	6	6	5	0	18
17	6	5	5	5	5	5	4	4	4	4	4	4	3	1	2	1	2	1666667	1	1	5	5	5	4	5	5	4	4	4	5	4	0	18
18	6	6	6	5	5	5	5	5	5	4	4	4	3	2	3	2	2	1	1666667	1	5	5	5	4	5	5	4	5	4	5	4	0	12
19	7	6	6	6	5	6	5	5	5	5	5	4	2	2	2	1	2	1	1	1666667	6	6	6	5	6	5	5	5	5	6	5	0	12
20	2	4	5	4	4	4	4	4	4	4	3	4	6	5	6	6	7	5	5	6	1666667	1	1	1	1	1	2	2	2	2	2	0	12
21	2	4	4	4	4	3	4	3	3	4	3	3	6	5	6	5	6	5	5	6	1	1666667	1	1	1	1	1	2	2	2	2	0	12
22	3	4	5	4	4	4	4	4	4	4	3	4	6	4	6	5	6	5	5	6	1	1	1666667	1	1	1	1	1	1	2	2	0	18
23	3	4	4	3	4	3	4	3	3	4	3	3	6	4	6	5	6	4	4	5	1	1	1	1666667	1	1	1	1	1	2	2	0	6
24	3	5	5	4	5	4	5	4	4	4	4	4	6	5	6	6	6	5	5	6	1	1	1	1	1666667	1	1	1	1	1	2	0	12
25	3	5	5	4	4	4	4	4	4	4	3	4	6	4	6	5	6	5	5	5	1	1	1	1	1	1666667	1	1	1	1	1	0	6
26	3	4	5	4	4	4	4	4	4	4	3	3	5	4	6	5	6	4	4	5	2	1	1	1	1	1	1666667	1	1	2	1	0	18
27	3	5	5	4	5	4	5	4	4	4	4	4	6	4	6	5	6	4	5	5	2	2	1	1	1	1	1	1666667	1	1	1	0	12
28	3	5	5	4	4	4	4	4	4	4	3	4	6	4	6	5	6	4	4	5	2	2	1	1	1	1	1	1	1666667	1	1	0	6
29	4	6	6	5	5	5	5	5	5	5	4	5	6	5	6	5	6	5	5	6	2	2	2	2	1	1	2	1	1	1666667	1	0	6
30	4	5	5	5	5	5	5	4	4	4	4	4	6	4	6	5	5	4	4	5	2	2	2	2	2	1	1	1	1	1	1666667	0	18
************Basic Information of Instance*****************

Number of Customers=30
Max Number of UAVs=100
Max Flying Time of UAV=15
Planning Horizon=[0,18]
Number of time point=18
************Basic Information of Utility*****************

cluster length = 6
cluster length minus= 0
max_branch_time = 7200
max_branch_num = 200000
branch strategies = [cluster,]
switch branch strategy time = [7200,7200,]
switch branch strategy num = [300000,480000,]

**********************************************************

it's dealing to get arc set....
node size = 558
arc size = 13498
The objective of subproblem iter1=100000
The objective of subproblem iter2=100000
The objective of subproblem iter3=100000
The objective of subproblem iter4=100000
