**************JSON INFORMATION***************
**************JSON INFORMATION***************
**************JSON INFORMATION***************
branch_strategy: cluster
cluster_length: 6
max_branch_time: 7200
max_branch_num: 200000
min_gap: 0
isEucli: 0
cluster	
max routes: 50
cluster length minus: 
0	
**************JSON INFORMATION***************
**************JSON INFORMATION***************
**************JSON INFORMATION***************
******************Basic Information of Parameter**********************
******************Basic Information of Parameter**********************
******************Basic Information of Parameter**********************
Parameter: diff = 1
Parameter: multiplier = 1.38454e-314
Parameter: fixthreshold = 1: 0.8
0: -0.1
Parameter: LpSolvingTime = 600
Parameter: maxRoute = 50
Parameter: squeezethreshold = 1e+08
Parameter: maxTime = 3600
Parameter: dualCoeVec = [0.6,1,]
10,100000000,]
numNode	numCus	ID_Depot	Mile(min)	Begin	End	numUAV
36	35	0	15	0	18	100
time_vec & deta1 & deta2:
0	1666667	4	4	3	4	3	4	3	4	4	3	4	7	6	7	7	7	6	6	7	2	2	3	3	3	3	3	3	3	4	4	6	6	6	6	7	0	100000
1	4	1666667	1	1	1	1	1	1	2	2	2	2	5	5	5	5	6	5	6	6	4	4	4	4	5	5	4	5	5	6	5	9	8	8	8	9	0	18
2	4	1	1666667	1	1	1	1	2	2	2	2	2	5	4	5	5	5	5	6	6	5	4	5	4	5	5	5	5	5	6	5	9	8	8	8	9	0	18
3	3	1	1	1666667	1	1	1	1	1	1	2	2	5	4	5	5	5	5	5	6	4	4	4	3	4	4	4	4	4	5	5	8	7	8	7	9	0	18
4	4	1	1	1	1666667	1	1	1	1	1	2	2	5	4	5	5	5	5	5	5	4	4	4	4	5	4	4	5	4	5	5	8	8	8	7	9	0	18
5	3	1	1	1	1	1666667	1	1	1	2	2	2	5	4	5	5	5	5	5	6	4	3	4	3	4	4	4	4	4	5	5	8	7	8	7	8	0	6
6	4	1	1	1	1	1	1666667	1	1	1	1	1	4	4	5	4	5	4	5	5	4	4	4	4	5	4	4	5	4	5	5	8	7	8	7	9	0	12
7	3	1	2	1	1	1	1	1666667	1	1	1	1	5	4	5	5	5	4	5	5	4	3	4	3	4	4	4	4	4	5	4	8	7	7	7	8	0	12
8	4	2	2	1	1	1	1	1	1666667	1	1	1	4	3	4	4	5	4	5	5	4	3	4	3	4	4	4	4	4	5	4	8	7	7	7	8	0	6
9	4	2	2	1	1	2	1	1	1	1666667	1	1	4	3	4	4	4	4	4	5	4	4	4	4	4	4	4	4	4	5	4	8	7	8	7	9	0	18
10	3	2	2	2	2	2	1	1	1	1	1666667	1	4	3	4	4	5	4	4	5	3	3	3	3	4	3	3	4	3	4	4	7	7	7	6	8	0	12
11	4	2	2	2	2	2	1	1	1	1	1	1666667	4	3	4	4	4	4	4	4	4	3	4	3	4	4	3	4	4	5	4	8	7	7	7	8	0	12
12	7	5	5	5	5	5	4	5	4	4	4	4	1666667	2	1	2	1	3	3	2	6	6	6	6	6	6	5	6	6	6	6	9	8	9	8	9	0	12
13	6	5	4	4	4	4	4	4	3	3	3	3	2	1666667	2	1	2	1	2	2	5	5	4	4	5	4	4	4	4	5	4	7	7	7	6	8	0	18
14	7	5	5	5	5	5	5	5	4	4	4	4	1	2	1666667	1	1	2	3	2	6	6	6	6	6	6	6	6	6	6	6	9	8	8	8	9	0	18
15	7	5	5	5	5	5	4	5	4	4	4	4	2	1	1	1666667	1	1	2	1	6	5	5	5	6	5	5	5	5	5	5	8	7	7	7	8	0	18
16	7	6	5	5	5	5	5	5	5	4	5	4	1	2	1	1	1666667	2	2	2	7	6	6	6	6	6	6	6	6	6	5	9	8	8	7	9	0	18
17	6	5	5	5	5	5	4	4	4	4	4	4	3	1	2	1	2	1666667	1	1	5	5	5	4	5	5	4	4	4	5	4	7	6	7	6	8	0	18
18	6	6	6	5	5	5	5	5	5	4	4	4	3	2	3	2	2	1	1666667	1	5	5	5	4	5	5	4	5	4	5	4	7	6	6	6	7	0	18
19	7	6	6	6	5	6	5	5	5	5	5	4	2	2	2	1	2	1	1	1666667	6	6	6	5	6	5	5	5	5	6	5	8	7	7	6	8	0	18
20	2	4	5	4	4	4	4	4	4	4	3	4	6	5	6	6	7	5	5	6	1666667	1	1	1	1	1	2	2	2	2	2	5	4	5	4	5	0	18
21	2	4	4	4	4	3	4	3	3	4	3	3	6	5	6	5	6	5	5	6	1	1666667	1	1	1	1	1	2	2	2	2	5	4	5	4	6	0	12
22	3	4	5	4	4	4	4	4	4	4	3	4	6	4	6	5	6	5	5	6	1	1	1666667	1	1	1	1	1	1	2	2	5	4	4	4	5	0	18
23	3	4	4	3	4	3	4	3	3	4	3	3	6	4	6	5	6	4	4	5	1	1	1	1666667	1	1	1	1	1	2	2	5	4	5	4	6	0	6
24	3	5	5	4	5	4	5	4	4	4	4	4	6	5	6	6	6	5	5	6	1	1	1	1	1666667	1	1	1	1	1	2	4	4	4	3	5	0	18
25	3	5	5	4	4	4	4	4	4	4	3	4	6	4	6	5	6	5	5	5	1	1	1	1	1	1666667	1	1	1	1	1	4	4	4	4	5	0	18
26	3	4	5	4	4	4	4	4	4	4	3	3	5	4	6	5	6	4	4	5	2	1	1	1	1	1	1666667	1	1	2	1	5	4	4	4	5	0	12
27	3	5	5	4	5	4	5	4	4	4	4	4	6	4	6	5	6	4	5	5	2	2	1	1	1	1	1	1666667	1	1	1	4	3	4	3	5	0	18
28	3	5	5	4	4	4	4	4	4	4	3	4	6	4	6	5	6	4	4	5	2	2	1	1	1	1	1	1	1666667	1	1	4	4	4	4	5	0	12
29	4	6	6	5	5	5	5	5	5	5	4	5	6	5	6	5	6	5	5	6	2	2	2	2	1	1	2	1	1	1666667	1	4	3	3	3	4	0	6
30	4	5	5	5	5	5	5	4	4	4	4	4	6	4	6	5	5	4	4	5	2	2	2	2	2	1	1	1	1	1	1666667	4	4	4	3	5	0	6
31	6	9	9	8	8	8	8	8	8	8	7	8	9	7	9	8	9	7	7	8	5	5	5	5	4	4	5	4	4	4	4	1666667	1	1	2	1	0	12
32	6	8	8	7	8	7	7	7	7	7	7	7	8	7	8	7	8	6	6	7	4	4	4	4	4	4	4	3	4	3	4	1	1666667	1	1	2	0	18
33	6	8	8	8	8	8	8	7	7	8	7	7	9	7	8	7	8	7	6	7	5	5	4	5	4	4	4	4	4	3	4	1	1	1666667	1	1	0	12
34	6	8	8	7	7	7	7	7	7	7	6	7	8	6	8	7	7	6	6	6	4	4	4	4	3	4	4	3	4	3	3	2	1	1	1666667	2	0	18
35	7	9	9	9	9	8	9	8	8	9	8	8	9	8	9	8	9	8	7	8	5	6	5	6	5	5	5	5	5	4	5	1	2	1	2	1666667	0	12
************Basic Information of Instance*****************

Number of Customers=35
Max Number of UAVs=100
Max Flying Time of UAV=15
Planning Horizon=[0,18]
Number of time point=18
************Basic Information of Utility*****************

cluster length = 6
cluster length minus= 0
max_branch_time = 7200
max_branch_num = 200000
branch strategies = [cluster,]
switch branch strategy time = [7200,7200,]
switch branch strategy num = [300000,480000,]

**********************************************************

it's dealing to get arc set....
node size = 648
arc size = 17465
The objective of subproblem iter1=100000
The objective of subproblem iter2=100000
The objective of subproblem iter3=100000
