**************JSON INFORMATION***************
**************JSON INFORMATION***************
**************JSON INFORMATION***************
branch_strategy: cluster
cluster_length: 6
max_branch_time: 7200
max_branch_num: 200000
min_gap: 0
isEucli: 0
cluster	
max routes: 50
cluster length minus: 
0	
**************JSON INFORMATION***************
**************JSON INFORMATION***************
**************JSON INFORMATION***************
******************Basic Information of Parameter**********************
******************Basic Information of Parameter**********************
******************Basic Information of Parameter**********************
Parameter: diff = 1
Parameter: multiplier = 6.9531e-310
Parameter: fixthreshold = 1: 0.8
0: -0.1
Parameter: LpSolvingTime = 600
Parameter: maxRoute = 50
Parameter: squeezethreshold = 1e+08
Parameter: maxTime = 3600
Parameter: dualCoeVec = [0.6,1,]
10,100000000,]
numNode	numCus	ID_Depot	Mile(min)	Begin	End	numUAV
11	10	0	10	0	12	50
time_vec & deta1 & deta2:
0	1111112	4	3	4	3	2	3	3	2	3	2	0	100000
1	4	1111112	1	2	2	2	6	1	3	3	3	0	6
2	3	1	1111112	2	2	1	5	2	2	2	2	0	6
3	4	2	2	1111112	1	3	6	1	4	4	4	0	6
4	3	2	2	1	1111112	3	6	1	3	4	3	0	6
5	2	2	1	3	3	1111112	4	2	2	2	1	0	6
6	3	6	5	6	6	4	1111112	6	3	4	4	0	6
7	3	1	2	1	1	2	6	1111112	3	4	3	0	6
8	2	3	2	4	3	2	3	3	1111112	2	1	0	6
9	3	3	2	4	4	2	4	4	2	1111112	1	0	6
10	2	3	2	4	3	1	4	3	1	1	1111112	0	3
************Basic Information of Instance*****************

Number of Customers=10
Max Number of UAVs=50
Max Flying Time of UAV=10
Planning Horizon=[0,12]
Number of time point=12
************Basic Information of Utility*****************

cluster length = 6
cluster length minus= 0
max_branch_time = 7200
max_branch_num = 200000
branch strategies = [cluster,]
switch branch strategy time = [7200,7200,]
switch branch strategy num = [300000,480000,]

**********************************************************

it's dealing to get arc set....
node size = 132
arc size = 1039
The objective of subproblem iter1=100000
The objective of subproblem iter2=100000
The objective of subproblem iter3=100000
The objective of subproblem iter4=100000
The objective of subproblem iter5=100000
The objective of subproblem iter6=100000
The objective of subproblem iter7=100000
The objective of subproblem iter8=100000
The objective of subproblem iter9=100000
The objective of subproblem iter10=100000
The objective of subproblem iter11=125.5
The objective of subproblem iter12=120
The objective of subproblem iter13=119
The objective of subproblem iter14=119
The objective of subproblem iter15=119
The objective of subproblem iter16=119
The objective of subproblem iter17=119
The objective of subproblem iter18=119
The objective of subproblem iter19=119
The objective of subproblem iter20=119
The objective of subproblem iter21=117.5
The objective of subproblem iter22=96
The objective of subproblem iter23=96
The objective of subproblem iter24=92
The objective of subproblem iter25=92
The objective of subproblem iter26=92
The objective of subproblem iter27=92
The objective of subproblem iter28=92
The objective of subproblem iter29=92
The objective of subproblem iter30=92
The objective of subproblem iter31=92
The objective of subproblem iter32=92
The objective of subproblem iter33=92
The objective of subproblem iter34=92
The objective of subproblem iter35=92
The objective of subproblem iter36=92
The objective of subproblem iter37=92
The objective of subproblem iter38=92
The objective of subproblem iter39=92
The objective of subproblem iter40=92
The objective of subproblem iter41=92
The objective of subproblem iter42=92
The objective of subproblem iter43=92
The objective of subproblem iter44=92
The objective of subproblem iter45=92


******************* update the dual alpha *******************


******************* update the label size *******************
The objective of subproblem iter46=91
The objective of subproblem iter47=90
