**************JSON INFORMATION***************
**************JSON INFORMATION***************
**************JSON INFORMATION***************
branch_strategy: cluster
cluster_length: 6
max_branch_time: 7200
max_branch_num: 200000
min_gap: 0
isEucli: 0
cluster	
max routes: 50
cluster length minus: 
0	
**************JSON INFORMATION***************
**************JSON INFORMATION***************
**************JSON INFORMATION***************
******************Basic Information of Parameter**********************
******************Basic Information of Parameter**********************
******************Basic Information of Parameter**********************
Parameter: diff = 1
Parameter: multiplier = 6.9531e-310
Parameter: fixthreshold = 1: 0.8
0: -0.1
Parameter: LpSolvingTime = 600
Parameter: maxRoute = 50
Parameter: squeezethreshold = 1e+08
Parameter: maxTime = 3600
Parameter: dualCoeVec = [0.6,1,]
10,100000000,]
numNode	numCus	ID_Depot	Mile(min)	Begin	End	numUAV
11	10	0	10	0	12	50
time_vec & deta1 & deta2:
0	1111112	2	2	3	3	3	2	3	3	4	3	0	100000
1	2	1111112	4	2	4	4	3	3	4	2	2	0	3
2	2	4	1111112	4	3	3	2	5	5	6	5	0	3
3	3	2	4	1111112	3	5	4	4	6	2	4	0	12
4	3	4	3	3	1111112	5	4	6	6	5	6	0	6
5	3	4	3	5	5	1111112	2	3	2	6	4	0	6
6	2	3	2	4	4	2	1111112	3	3	5	4	0	3
7	3	3	5	4	6	3	3	1111112	2	5	2	0	12
8	3	4	5	6	6	2	3	2	1111112	6	3	0	12
9	4	2	6	2	5	6	5	5	6	1111112	3	0	6
10	3	2	5	4	6	4	4	2	3	3	1111112	0	12
************Basic Information of Instance*****************

Number of Customers=10
Max Number of UAVs=50
Max Flying Time of UAV=10
Planning Horizon=[0,12]
Number of time point=12
************Basic Information of Utility*****************

cluster length = 6
cluster length minus= 0
max_branch_time = 7200
max_branch_num = 200000
branch strategies = [cluster,]
switch branch strategy time = [7200,7200,]
switch branch strategy num = [300000,480000,]

**********************************************************

it's dealing to get arc set....
node size = 132
arc size = 944
The objective of subproblem iter1=100000
The objective of subproblem iter2=100000
The objective of subproblem iter3=100000
The objective of subproblem iter4=100000
The objective of subproblem iter5=100000
The objective of subproblem iter6=100000
The objective of subproblem iter7=100000
The objective of subproblem iter8=100000
The objective of subproblem iter9=100000
The objective of subproblem iter10=100000
The objective of subproblem iter11=100000
The objective of subproblem iter12=100000
The objective of subproblem iter13=100000
The objective of subproblem iter14=104
The objective of subproblem iter15=102
The objective of subproblem iter16=98
The objective of subproblem iter17=97
The objective of subproblem iter18=96.25
The objective of subproblem iter19=96.25
The objective of subproblem iter20=96.25
The objective of subproblem iter21=96.25
The objective of subproblem iter22=96.25
The objective of subproblem iter23=96.25
The objective of subproblem iter24=96.25
The objective of subproblem iter25=96.25
The objective of subproblem iter26=96.25
The objective of subproblem iter27=96.25
The objective of subproblem iter28=96.25
The objective of subproblem iter29=96.25
The objective of subproblem iter30=96.25
The objective of subproblem iter31=96.25
The objective of subproblem iter32=96.25
The objective of subproblem iter33=96.25
The objective of subproblem iter34=96.25
The objective of subproblem iter35=96.25
The objective of subproblem iter36=96.25
The objective of subproblem iter37=96.25
The objective of subproblem iter38=96.25
The objective of subproblem iter39=96.25
The objective of subproblem iter40=96.25
The objective of subproblem iter41=96.25
The objective of subproblem iter42=96.25
The objective of subproblem iter43=96.25
The objective of subproblem iter44=96.25
The objective of subproblem iter45=96.25
The objective of subproblem iter46=96.25


******************* update the dual alpha *******************


******************* update the label size *******************
The objective of subproblem iter47=96
