**************JSON INFORMATION***************
**************JSON INFORMATION***************
**************JSON INFORMATION***************
branch_strategy: cluster
cluster_length: 6
max_branch_time: 7200
max_branch_num: 200000
min_gap: 0
isEucli: 0
cluster	
max routes: 50
cluster length minus: 
0	
**************JSON INFORMATION***************
**************JSON INFORMATION***************
**************JSON INFORMATION***************
******************Basic Information of Parameter**********************
******************Basic Information of Parameter**********************
******************Basic Information of Parameter**********************
Parameter: diff = 1
Parameter: multiplier = 8.66595e-315
Parameter: fixthreshold = 1: 0.8
0: -0.1
Parameter: LpSolvingTime = 600
Parameter: maxRoute = 50
Parameter: squeezethreshold = 1e+08
Parameter: maxTime = 3600
Parameter: dualCoeVec = [0.6,1,]
10,100000000,]
numNode	numCus	ID_Depot	Mile(min)	Begin	End	numUAV
11	10	0	10	0	12	50
time_vec & deta1 & deta2:
0	1111112	2	2	3	3	3	2	3	3	4	3	0	100000
1	2	1111112	4	2	4	4	3	3	4	2	2	0	3
2	2	4	1111112	4	3	3	2	5	5	6	5	0	3
3	3	2	4	1111112	3	5	4	4	6	2	4	0	6
4	3	4	3	3	1111112	5	4	6	6	5	6	0	6
5	3	4	3	5	5	1111112	2	3	2	6	4	0	6
6	2	3	2	4	4	2	1111112	3	3	5	4	0	12
7	3	3	5	4	6	3	3	1111112	2	5	2	0	12
8	3	4	5	6	6	2	3	2	1111112	6	3	0	6
9	4	2	6	2	5	6	5	5	6	1111112	3	0	6
10	3	2	5	4	6	4	4	2	3	3	1111112	0	6
************Basic Information of Instance*****************

Number of Customers=10
Max Number of UAVs=50
Max Flying Time of UAV=10
Planning Horizon=[0,12]
Number of time point=12
************Basic Information of Utility*****************

cluster length = 6
cluster length minus= 0
max_branch_time = 7200
max_branch_num = 200000
branch strategies = [cluster,]
switch branch strategy time = [7200,7200,]
switch branch strategy num = [300000,480000,]

**********************************************************

it's dealing to get arc set....
node size = 132
arc size = 944
The objective of subproblem iter1=100000
The objective of subproblem iter2=100000
The objective of subproblem iter3=100000
The objective of subproblem iter4=100000
The objective of subproblem iter5=100000
The objective of subproblem iter6=100000
The objective of subproblem iter7=100000
The objective of subproblem iter8=100000
The objective of subproblem iter9=100000
The objective of subproblem iter10=100000
The objective of subproblem iter11=100000
The objective of subproblem iter12=100000
The objective of subproblem iter13=100000
The objective of subproblem iter14=100000
The objective of subproblem iter15=100000
The objective of subproblem iter16=100000
The objective of subproblem iter17=100000
The objective of subproblem iter18=100000
The objective of subproblem iter19=100000
The objective of subproblem iter20=105
The objective of subproblem iter21=105
The objective of subproblem iter22=105
The objective of subproblem iter23=105
The objective of subproblem iter24=105
The objective of subproblem iter25=105
The objective of subproblem iter26=105
The objective of subproblem iter27=103
The objective of subproblem iter28=102.75
The objective of subproblem iter29=102.75
The objective of subproblem iter30=102.75
The objective of subproblem iter31=102.75
The objective of subproblem iter32=102.75
The objective of subproblem iter33=102.75
The objective of subproblem iter34=102.75
The objective of subproblem iter35=102.75
The objective of subproblem iter36=102.75
The objective of subproblem iter37=102.75
The objective of subproblem iter38=102.75
The objective of subproblem iter39=102.75
The objective of subproblem iter40=102.75
The objective of subproblem iter41=102.75
The objective of subproblem iter42=102.75
The objective of subproblem iter43=102.75
The objective of subproblem iter44=102.75
The objective of subproblem iter45=102.75
The objective of subproblem iter46=102.75
The objective of subproblem iter47=102.75
The objective of subproblem iter48=102.75
The objective of subproblem iter49=102.6
The objective of subproblem iter50=102.6
The objective of subproblem iter51=102.6
The objective of subproblem iter52=102.6


******************* update the dual alpha *******************
The objective of subproblem iter53=102.6


******************* update the label size *******************
The objective of subproblem iter54=101.8
