**************JSON INFORMATION***************
**************JSON INFORMATION***************
**************JSON INFORMATION***************
branch_strategy: cluster
cluster_length: 6
max_branch_time: 7200
max_branch_num: 200000
min_gap: 0
isEucli: 0
cluster	
max routes: 50
cluster length minus: 
0	
**************JSON INFORMATION***************
**************JSON INFORMATION***************
**************JSON INFORMATION***************
******************Basic Information of Parameter**********************
******************Basic Information of Parameter**********************
******************Basic Information of Parameter**********************
Parameter: diff = 1
Parameter: multiplier = 6.9533e-310
Parameter: fixthreshold = 1: 0.8
0: -0.1
Parameter: LpSolvingTime = 600
Parameter: maxRoute = 50
Parameter: squeezethreshold = 1e+08
Parameter: maxTime = 3600
Parameter: dualCoeVec = [0.6,1,]
10,100000000,]
numNode	numCus	ID_Depot	Mile(min)	Begin	End	numUAV
11	10	0	10	0	12	50
time_vec & deta1 & deta2:
0	10000000	2	2	2	3	3	3	4	4	4	4	0	100000
1	2	10000000	2	3	2	2	2	4	3	3	3	0	6
2	2	2	10000000	2	2	2	2	2	4	3	3	0	3
3	2	3	2	10000000	4	2	2	2	4	4	3	0	6
4	3	2	2	4	10000000	2	3	4	2	2	2	0	12
5	3	2	2	2	2	10000000	2	3	2	2	2	0	12
6	3	2	2	2	3	2	10000000	2	4	2	2	0	12
7	4	4	2	2	4	3	2	10000000	5	4	2	0	12
8	4	3	4	4	2	2	4	5	10000000	2	3	0	12
9	4	3	3	4	2	2	2	4	2	10000000	2	0	6
10	4	3	3	3	2	2	2	2	3	2	10000000	0	12
************Basic Information of Instance*****************

Number of Customers=10
Max Number of UAVs=50
Max Flying Time of UAV=10
Planning Horizon=[0,12]
Number of time point=12
************Basic Information of Utility*****************

cluster length = 6
cluster length minus= 0
max_branch_time = 7200
max_branch_num = 200000
branch strategies = [cluster,]
switch branch strategy time = [7200,7200,]
switch branch strategy num = [300000,480000,]

**********************************************************

it's dealing to get arc set....
node size = 132
arc size = 1051
The objective of subproblem iter1=100000
The objective of subproblem iter2=100000
The objective of subproblem iter3=100000
The objective of subproblem iter4=100000
The objective of subproblem iter5=100000
The objective of subproblem iter6=100000
The objective of subproblem iter7=100000
The objective of subproblem iter8=100000
The objective of subproblem iter9=100000
The objective of subproblem iter10=100000
The objective of subproblem iter11=100000
The objective of subproblem iter12=100000
The objective of subproblem iter13=100000
The objective of subproblem iter14=100000
The objective of subproblem iter15=100000
The objective of subproblem iter16=100000
The objective of subproblem iter17=100000
The objective of subproblem iter18=86
The objective of subproblem iter19=86
The objective of subproblem iter20=86
The objective of subproblem iter21=86
The objective of subproblem iter22=86
The objective of subproblem iter23=86
The objective of subproblem iter24=86
The objective of subproblem iter25=86
The objective of subproblem iter26=86
The objective of subproblem iter27=86
The objective of subproblem iter28=86
The objective of subproblem iter29=86
The objective of subproblem iter30=86
The objective of subproblem iter31=86
The objective of subproblem iter32=86
The objective of subproblem iter33=86
The objective of subproblem iter34=86
The objective of subproblem iter35=86
The objective of subproblem iter36=86
The objective of subproblem iter37=84
The objective of subproblem iter38=84
The objective of subproblem iter39=84
The objective of subproblem iter40=84
The objective of subproblem iter41=84
The objective of subproblem iter42=84
The objective of subproblem iter43=82
The objective of subproblem iter44=82
The objective of subproblem iter45=82
The objective of subproblem iter46=82
The objective of subproblem iter47=82
The objective of subproblem iter48=82
The objective of subproblem iter49=82
The objective of subproblem iter50=82
The objective of subproblem iter51=82
The objective of subproblem iter52=82
The objective of subproblem iter53=82
The objective of subproblem iter54=82
The objective of subproblem iter55=82
The objective of subproblem iter56=82
The objective of subproblem iter57=82
The objective of subproblem iter58=82
The objective of subproblem iter59=82
The objective of subproblem iter60=82
The objective of subproblem iter61=82
The objective of subproblem iter62=82
The objective of subproblem iter63=82
The objective of subproblem iter64=82
The objective of subproblem iter65=82
The objective of subproblem iter66=82
The objective of subproblem iter67=82
The objective of subproblem iter68=82
The objective of subproblem iter69=82
The objective of subproblem iter70=82
The objective of subproblem iter71=82
The objective of subproblem iter72=82
The objective of subproblem iter73=82
The objective of subproblem iter74=82
The objective of subproblem iter75=82
The objective of subproblem iter76=82
The objective of subproblem iter77=82
The objective of subproblem iter78=82


******************* update the dual alpha *******************


******************* update the label size *******************
The objective of subproblem iter79=82
