========================================
Arc-Flow Model Context Initialized
Max Drones: 50
Max Flight Time: 10
Time Interval: 12
Number of Nodes (excluding depot): 10
========================================

========================================
Building ARC-FLOW Model
========================================

[1/4] Data Preprocessing...

========================================
Phase 1: Data Preprocessing
========================================
  [Step 1/4] Building valid arcs...
    - Valid arcs found: 1039
    - Node ID mapping created: 132 nodes
  [Step 2/4] Building incoming arcs index...
    - Incoming arcs index built for 120 nodes
    - Total incoming arc entries: 1039
  [Step 3/4] Building covering nodes index...
    - Covering nodes index built for 120 (target, time) pairs
    - All (target, time) pairs have at least one covering node.
  [Step 4/4] Classifying nodes into depot and target...
    - Depot nodes: 12
    - Target nodes: 120
    - Total nodes: 132

----------------------------------------
Data Preprocessing Summary:
  - Valid arcs: 1039
  - Nodes with incoming arcs: 120
  - (Target, Time) pairs with coverage: 120
  - Depot nodes: 12
  - Target nodes: 120
  - Node ID mappings: 132
----------------------------------------
Data preprocessing completed successfully.

[2/4] Creating Decision Variables...

========================================
Phase 2: Creating Decision Variables
========================================
  [Step 1/3] Creating flow variables x_{ij}^k...
    - Flow variables created: 51950
    - (Drones: 50 × Arcs: 1039)
  [Step 2/3] Creating takeoff variables y_t^k...
    - Takeoff variables created: 600
    - (Drones: 50 × Time: 12)
  [Step 3/3] Creating endurance variables q_i^k...
    - Endurance variables created: 6600
    - (Drones: 50 × Nodes: 132)

----------------------------------------
Decision Variables Summary:
  - Flow variables (x):     51950
  - Takeoff variables (y):  600
  - Endurance variables (q): 6600
  - Total variables:         59150
----------------------------------------
Decision variables created successfully.

[3/4] Adding Constraints...

========================================
Phase 3: Adding Constraints
========================================
  [Constraint 2/7] Adding depot flow balance constraints...
    - Depot flow balance constraints added: 600
  [Constraint 3/7] Adding depot max departure constraints...
    - Depot max departure constraints added: 600
  [Constraint 4/7] Adding depot max return constraints...
    - Depot max return constraints added: 600
  [Constraint 5/7] Adding target flow conservation constraints...
    - Target flow conservation constraints added: 6000
  [Constraint 6/7] Adding initial endurance constraints...
    - Initial endurance constraints added: 4550
  [Constraint 7/7] Adding endurance propagation constraints...
    - Endurance propagation constraints added: 47400
  [Constraint 8/7] Adding coverage constraints...
    - Coverage constraints added: 120

----------------------------------------
Constraints Summary:
  - Constraint (2) Depot flow balance:  600
  - Constraint (3) Depot max departure: 600
  - Constraint (4) Depot max return:    600
  - Constraint (5) Target flow conserv: 6000
  - Constraint (6) Initial endurance:   4550
  - Constraint (7) Endurance propagate: 47400
  - Constraint (8) Coverage:            120
  - Total constraints:                  59870
----------------------------------------
Constraints added successfully.

[4/4] Setting Objective Function...

========================================
Phase 4: Setting Objective Function
========================================
  Building objective function: Min Σ cost × x_{ij}^k
  - Objective function terms: 51950
  - Objective: Minimize total flight time
----------------------------------------
Objective function set successfully.

========================================
ARC-FLOW Model Built Successfully!
========================================

========================================
Solving ARC-FLOW Model
========================================
  Configuring CPLEX parameters...
    - Time limit: 7200 seconds
    - MIP gap tolerance: 0.01 (1%)
    - Number of threads: 4
    - MIP display level: 2

  Starting CPLEX solver...
  (This may take a while...)
CPXPARAM_TimeLimit                               7200
CPXPARAM_Threads                                 4
CPXPARAM_MIP_Tolerances_MIPGap                   0.01
Tried aggregator 3 times.
MIP Presolve eliminated 18526 rows and 16650 columns.
MIP Presolve modified 47650 coefficients.
Aggregator did 1550 substitutions.
Reduced MIP has 39794 rows, 40950 columns, and 235350 nonzeros.
Reduced MIP has 37350 binaries, 3600 generals, 0 SOSs, and 0 indicators.
Presolve time = 0.28 sec. (326.42 ticks)
Probing fixed 700 vars, tightened 0 bounds.
Probing time = 0.22 sec. (40.16 ticks)
Cover probing fixed 0 vars, tightened 200 bounds.
Tried aggregator 1 time.
MIP Presolve eliminated 1900 rows and 700 columns.
MIP Presolve modified 20000 coefficients.
Reduced MIP has 37894 rows, 40250 columns, and 228900 nonzeros.
Reduced MIP has 36650 binaries, 3600 generals, 0 SOSs, and 0 indicators.
Presolve time = 0.20 sec. (162.44 ticks)
Probing time = 0.06 sec. (13.37 ticks)
Clique table members: 149255.
MIP emphasis: balance optimality and feasibility.
MIP search method: dynamic search.
Parallel mode: deterministic, using up to 4 threads.
Root relaxation solution time = 4.61 sec. (3866.72 ticks)

        Nodes                                         Cuts/
   Node  Left     Objective  IInf  Best Integer    Best Bound    ItCnt     Gap

*     0+    0                          195.0000        0.0000           100.00%
      0     0       84.3333   237      195.0000       84.3333       18   56.75%
*     0+    0                           98.0000       84.3333            13.95%
*     0+    0                           95.0000       84.3333            11.23%
*     0+    0                           94.0000       84.3333            10.28%
      0     2       84.3333    94       94.0000       84.3333      311   10.28%
Elapsed time = 23.52 sec. (18918.99 ticks, tree = 0.01 MB, solutions = 4)
      1     3       84.6667   177       94.0000       84.3333     3755   10.28%
      2     4       84.6667   107       94.0000       84.3333     6989   10.28%
      3     3       84.5000   198       94.0000       84.3333     3481   10.28%
      4     5       85.0000   151       94.0000       84.3333    10445   10.28%
      6     8       85.0000   134       94.0000       84.5000    16399   10.11%
      9    10       85.0000    61       94.0000       84.5000    20134   10.11%
     12    10       85.0000   165       94.0000       84.5000    31669   10.11%
     14    11       85.0000    61       94.0000       84.5000    21258   10.11%
     18    12       85.0000   145       94.0000       84.5000    33203   10.11%
     33    19       85.0000    36       94.0000       84.5000    48952   10.11%
Elapsed time = 43.83 sec. (28031.50 ticks, tree = 0.14 MB, solutions = 4)
     61    41       85.0000    49       94.0000       84.5000    89126   10.11%
     84    70       85.0000    99       94.0000       84.5000   156520   10.11%
    105    82       86.1702    64       94.0000       84.5000   182590   10.11%
    147   107       88.0000    51       94.0000       84.5000   214065   10.11%
    159   135       88.0000    21       94.0000       84.5000   263837   10.11%
    169   143       90.5638    71       94.0000       84.5000   276469   10.11%
    183   148       85.0000   114       94.0000       84.5000   288079   10.11%
    196   163       87.8658    73       94.0000       84.5000   317906   10.11%
    224   178       92.3043    19       94.0000       84.5000   329662   10.11%
    235   186       88.2851    68       94.0000       84.5000   355940   10.11%
Elapsed time = 73.34 sec. (37910.42 ticks, tree = 1.89 MB, solutions = 4)
    253   195       92.5152    84       94.0000       84.5000   368608   10.11%
    269   192       85.0000    60       94.0000       84.5000   373047   10.11%
    282   230       85.0000   145       94.0000       84.6667   430298    9.93%
    297   237       85.0000   111       94.0000       84.6667   448526    9.93%
    317   246       86.2941    52       94.0000       84.6667   461812    9.93%
    335   265       85.2222    39       94.0000       84.6667   517450    9.93%
    345   268       89.4605    98       94.0000       84.6667   520370    9.93%
    369   280       89.6818    46       94.0000       84.6667   555668    9.93%
    404   321       92.2105    38       94.0000       84.6667   605132    9.93%
    436   323       88.0000    23       94.0000       84.6667   621521    9.93%
Elapsed time = 108.72 sec. (48099.12 ticks, tree = 4.54 MB, solutions = 4)
    451   310       85.0758    65       94.0000       84.6667   641517    9.93%
    473   323       85.2778    31       94.0000       84.6667   652975    9.93%
    492   397       85.0000    76       94.0000       84.7500   720796    9.84%
    518   406       86.0000    30       94.0000       84.7500   734928    9.84%
    537   458       86.0000    19       94.0000       84.7500   843090    9.84%
    552   464       88.3359    47       94.0000       84.7500   871018    9.84%
    579   499       88.6000   117       94.0000       84.7500   920145    9.84%
    607   509       90.0000    89       94.0000       84.7500   932020    9.84%
    630   546       90.7692    96       94.0000       84.7500   999161    9.84%
    651   516       86.0000    60       94.0000       84.7500   970585    9.84%
Elapsed time = 149.50 sec. (58097.31 ticks, tree = 8.56 MB, solutions = 4)
    680   566       93.0000    36       94.0000       84.7500  1013634    9.84%
    724   599       93.0000    49       94.0000       84.7500  1061465    9.84%
    738   576       86.7940   102       94.0000       84.7500  1071052    9.84%
    751   657       87.6000   191       94.0000       84.7500  1121536    9.84%
    768   665    infeasible             94.0000       84.7500  1163287    9.84%
    779   667       88.0000    41       94.0000       84.7500  1151673    9.84%
    787   679       85.6136    39       94.0000       84.7500  1205290    9.84%
    795   709       85.8195    64       94.0000       84.7500  1294340    9.84%
    811   718        cutoff             94.0000       84.7500  1301935    9.84%
    814   704       88.0222   103       94.0000       84.7500  1285038    9.84%
Elapsed time = 186.19 sec. (68507.38 ticks, tree = 13.11 MB, solutions = 4)
    818   718       88.0652    96       94.0000       84.7500  1319841    9.84%
    824   722       88.8462   124       94.0000       84.7500  1336623    9.84%
    831   742       91.6667   147       94.0000       84.7500  1394546    9.84%
    847   741       86.0000   144       94.0000       84.7500  1376904    9.84%
    865   745       86.7500   206       94.0000       84.7500  1412094    9.84%
    891   759       88.5000   108       94.0000       84.7500  1462624    9.84%
    913   775       91.0000    42       94.0000       84.7500  1473603    9.84%
    946   808       88.3333    43       94.0000       84.7500  1556994    9.84%
    978   820       91.0000    16       94.0000       84.7500  1573196    9.84%
   1012   787       85.0000    92       94.0000       84.7500  1552300    9.84%
Elapsed time = 223.78 sec. (78478.98 ticks, tree = 15.19 MB, solutions = 4)
   1033   869       89.1250   124       94.0000       84.7500  1623897    9.84%
   1045   884       85.6667    62       94.0000       84.7500  1682644    9.84%
   1051   894       92.4848    48       94.0000       84.7500  1708223    9.84%
   1065   917       85.0000    97       94.0000       84.7500  1732506    9.84%
   1078   926       85.0000    27       94.0000       84.7500  1743723    9.84%
   1090   894       84.7500   157       94.0000       84.7500  1709520    9.84%
   1103   933       85.0000    23       94.0000       84.7500  1770640    9.84%
   1126   939       87.0563   147       94.0000       84.7500  1804981    9.84%
   1141   947       85.0000    47       94.0000       84.7500  1803377    9.84%
   1146   987       85.0000    27       94.0000       84.7500  1916333    9.84%
Elapsed time = 262.84 sec. (88845.90 ticks, tree = 18.32 MB, solutions = 4)
   1160   969       88.0467   116       94.0000       84.7500  1866504    9.84%
   1188  1003       88.0536    45       94.0000       84.7500  1946138    9.84%
   1214  1027       90.2267    99       94.0000       84.7500  1965319    9.84%
   1226  1039       91.4583    93       94.0000       84.7500  1979622    9.84%
   1252  1057       93.0000    25       94.0000       84.7500  1988467    9.84%
   1259  1059       85.0000   153       94.0000       84.7500  1990608    9.84%
   1263  1061       85.0000   109       94.0000       84.7500  1994149    9.84%
*  1268+  756                           92.0000       85.0000             7.61%
*  1268+  504                           91.0000       85.0000             6.59%
   1268   505       85.0000   302       91.0000       85.0000  2140172    6.59%
   1269   506       85.0000   136       91.0000       85.0000  2143903    6.59%
   1270   507       85.0000    91       91.0000       85.0000  2145543    6.59%
Elapsed time = 436.91 sec. (204047.12 ticks, tree = 10.21 MB, solutions = 6)
   1271   508       85.0000    53       91.0000       85.0000  2146410    6.59%
   1273   510       85.0000    48       91.0000       85.0000  2148724    6.59%
   1275   255       85.0000   155       91.0000       85.0000  2145258    6.59%
   1279   236       85.0000    43       91.0000       85.0000  2164071    6.59%
   1281   200       85.0000    57       91.0000       85.0000  2172216    6.59%
   1287    42       85.0000    49       91.0000       85.0000  2191782    6.59%
   1291    32       85.0000    87       91.0000       85.0000  2200612    6.59%
   1294    30       85.0000   105       91.0000       85.0000  2211076    6.59%
   1300    18       85.0000   172       91.0000       85.0000  2204650    6.59%
   1306    34       85.0000   176       91.0000       85.0000  2267993    6.59%
Elapsed time = 464.91 sec. (216974.00 ticks, tree = 3.93 MB, solutions = 6)
   1312    32       85.0000    43       91.0000       85.0000  2252459    6.59%
   1324    44       90.0000    14       91.0000       85.0000  2276875    6.59%
   1334    43       85.0000    72       91.0000       85.0000  2289703    6.59%
   1340    46       87.0000    31       91.0000       85.0000  2290659    6.59%
   1347    49       86.0000    71       91.0000       85.0000  2297356    6.59%
   1354    60       87.2727    84       91.0000       85.0000  2332860    6.59%
   1363    74       90.0000    52       91.0000       85.0000  2379533    6.59%
   1374    73       85.1778    66       91.0000       85.0000  2381249    6.59%
   1381    70       85.5000    78       91.0000       85.0000  2378316    6.59%
   1419    98       85.4000    53       91.0000       85.0000  2469948    6.59%
Elapsed time = 496.09 sec. (230786.58 ticks, tree = 16.63 MB, solutions = 6)
   1444   128       88.0000    55       91.0000       85.0000  2555671    6.59%
   1479   133       87.6905    92       91.0000       85.0000  2565123    6.59%
   1503   163       85.8571    79       91.0000       85.0000  2573816    6.59%
   1536   187       89.1818    58       91.0000       85.0000  2599144    6.59%
   1568   206       88.0000    68       91.0000       85.0000  2637838    6.59%
   1609   218       85.2227    85       91.0000       85.0000  2705067    6.59%
   1637   262       85.8333    62       91.0000       85.0000  2851309    6.59%
   1670   270       87.7273    51       91.0000       85.0000  2860324    6.59%
   1702   282       88.0182    72       91.0000       85.0000  2899394    6.59%
   1729   301       85.1667   111       91.0000       85.0000  2937343    6.59%
Elapsed time = 593.33 sec. (270655.02 ticks, tree = 39.22 MB, solutions = 6)
   1755   321       85.0057    78       91.0000       85.0000  3003633    6.59%
   1781   339       86.5000    93       91.0000       85.0000  3021021    6.59%
   1814   389       86.5890    91       91.0000       85.0000  3092053    6.59%
   1868   410       85.0154   103       91.0000       85.0000  3094810    6.59%
   1914   420       85.0784    65       91.0000       85.0000  3097483    6.59%
   1954   458       87.0000    72       91.0000       85.0000  3137906    6.59%
   1998   496       85.6480    77       91.0000       85.0000  3135124    6.59%
   2047   518       85.0714    86       91.0000       85.0000  3175026    6.59%
   2090   589       85.9074    73       91.0000       85.0000  3191673    6.59%
   2128   632       85.3072    65       91.0000       85.0000  3217376    6.59%
Elapsed time = 687.97 sec. (309940.73 ticks, tree = 49.45 MB, solutions = 6)
   2214   652       86.0000    42       91.0000       85.0000  3220444    6.59%
   2293   721       85.3125    61       91.0000       85.0000  3245861    6.59%
   2340   778       87.0000    28       91.0000       85.0000  3253407    6.59%
   2390   819       86.5625    70       91.0000       85.0000  3271468    6.59%
   2472   895       85.9259    71       91.0000       85.0000  3286913    6.59%
   2519   908       89.5000    61       91.0000       85.0000  3292802    6.59%
   2555   921       86.0929    89       91.0000       85.0000  3300081    6.59%
   2616   982       86.1333    35       91.0000       85.0000  3326019    6.59%
   2735  1035    infeasible             91.0000       85.0000  3331922    6.59%
   2784  1100       86.2719    84       91.0000       85.0000  3358924    6.59%
Elapsed time = 798.75 sec. (348743.56 ticks, tree = 62.20 MB, solutions = 6)
   2814  1114       85.0000    67       91.0000       85.0000  3368216    6.59%
   2849  1168       85.5102    79       91.0000       85.0000  3390278    6.59%
   2920  1247       86.1364    57       91.0000       85.0000  3414441    6.59%
   2981  1234       86.5000    29       91.0000       85.0000  3413690    6.59%
   3103  1333       87.5135    81       91.0000       85.0000  3451417    6.59%
   3178  1384       87.2727    63       91.0000       85.0000  3465633    6.59%
   3232  1473       85.4914    67       91.0000       85.0000  3486609    6.59%
   3330  1556       85.8163    75       91.0000       85.0000  3522340    6.59%
   3385  1616       87.3000    77       91.0000       85.0000  3535876    6.59%
   3443  1607       85.7085    76       91.0000       85.0000  3535981    6.59%
Elapsed time = 903.84 sec. (388063.72 ticks, tree = 72.17 MB, solutions = 6)
   3519  1665       85.0000    50       91.0000       85.0000  3552484    6.59%
   3611  1681       86.5000    59       91.0000       85.0000  3571788    6.59%
   3699  1766       87.6667    67       91.0000       85.0000  3590136    6.59%
   3795  1860       88.6346    87       91.0000       85.0000  3628695    6.59%
   3859  1945       85.9844    75       91.0000       85.0000  3640485    6.59%
   3948  1964       85.4571    65       91.0000       85.0000  3658763    6.59%
   4050  2034       85.5000    57       91.0000       85.0000  3676320    6.59%
   4136  2080       87.0000    32       91.0000       85.0000  3702533    6.59%
   4249  2142       85.9375    42       91.0000       85.0000  3723162    6.59%
   4331  2180       87.0000    13       91.0000       85.0000  3729175    6.59%
Elapsed time = 988.47 sec. (426897.91 ticks, tree = 83.69 MB, solutions = 6)
   4433  2300       86.6429    42       91.0000       85.0000  3757630    6.59%
   4528  2330    infeasible             91.0000       85.0000  3762731    6.59%
   4594  2361       85.3018    69       91.0000       85.0000  3777618    6.59%
   4639  2417       87.4286   115       91.0000       85.0000  3797821    6.59%
   4725  2521       86.6667    87       91.0000       85.0000  3817478    6.59%
   4809  2545       87.5385    87       91.0000       85.0000  3843106    6.59%
   4887  2628       89.1538    61       91.0000       85.0000  3853476    6.59%
   4984  2686       85.5357    71       91.0000       85.0000  3867302    6.59%
   5058  2798       85.0017    70       91.0000       85.0000  3900280    6.59%
   5127  2814       87.1667    70       91.0000       85.0000  3904505    6.59%
Elapsed time = 1084.25 sec. (465564.83 ticks, tree = 95.42 MB, solutions = 6)
   5205  2903       88.3636    45       91.0000       85.0000  3934863    6.59%
   5301  2972       85.5333    45       91.0000       85.0000  3969202    6.59%
   5399  3006       85.0826    91       91.0000       85.0000  3981511    6.59%
   5497  3062       86.5092    68       91.0000       85.0000  3993564    6.59%
   5557  3119       87.5000    31       91.0000       85.0000  4017499    6.59%
   5629  3206       85.7273    89       91.0000       85.0000  4041483    6.59%
   5708  3281       87.7273    48       91.0000       85.0000  4062406    6.59%
   5794  3306       85.6667    36       91.0000       85.0000  4066830    6.59%
   5887  3353       89.6667    64       91.0000       85.0000  4087699    6.59%
   5946  3486        cutoff             91.0000       85.0000  4136029    6.59%
Elapsed time = 1179.50 sec. (504049.65 ticks, tree = 105.22 MB, solutions = 6)
   6006  3485       87.0000    63       91.0000       85.0000  4129645    6.59%
   6050  3510       89.0341    52       91.0000       85.0000  4146790    6.59%
   6094  3565       88.0000    42       91.0000       85.0000  4173939    6.59%
   6121  3652    infeasible             91.0000       85.0000  4215947    6.59%
   6154  3676       85.0154    71       91.0000       85.0000  4234064    6.59%
   6217  3715       87.4286   106       91.0000       85.0000  4256284    6.59%
   6291  3710       85.1316    62       91.0000       85.0000  4252115    6.59%
   6372  3822       89.2500    37       91.0000       85.0000  4295877    6.59%
   6500  3858       89.0000    57       91.0000       85.0000  4313746    6.59%
   6638  3886       88.2143    78       91.0000       85.0000  4321067    6.59%
Elapsed time = 1273.16 sec. (542768.78 ticks, tree = 115.34 MB, solutions = 6)
   6714  3970       88.0769   101       91.0000       85.0000  4345438    6.59%
   6831  4030       89.0000    48       91.0000       85.0000  4362109    6.59%
   6862  4253       86.0000    51       91.0000       85.0000  4426893    6.59%
   6908  4280       89.0000    42       91.0000       85.0000  4441815    6.59%
   6957  4289       85.0000    31       91.0000       85.0000  4446918    6.59%
   7012  4352       85.1235   107       91.0000       85.0000  4484512    6.59%
   7111  4388       88.1818    79       91.0000       85.0000  4499973    6.59%
   7225  4443       87.0000    41       91.0000       85.0000  4495050    6.59%
   7378  4536       87.0710    68       91.0000       85.0000  4535956    6.59%
   7458  4552       85.6688    85       91.0000       85.0000  4541748    6.59%
Elapsed time = 1373.61 sec. (581579.24 ticks, tree = 125.35 MB, solutions = 6)
   7574  4579       86.6000    59       91.0000       85.0000  4547818    6.59%
   7702  4826       87.0000    45       91.0000       85.0000  4594085    6.59%
   7780  4839        cutoff             91.0000       85.0000  4610366    6.59%
   7826  4844       87.0000    89       91.0000       85.0000  4615380    6.59%
   7873  4857       87.2500   133       91.0000       85.0000  4618141    6.59%
   7915  5115       88.1026    62       91.0000       85.0000  4669166    6.59%
   7960  5052       86.6000    58       91.0000       85.0000  4661122    6.59%
   8002  5097       88.0000    37       91.0000       85.0000  4664330    6.59%
   8036  5162       85.0000    69       91.0000       85.0000  4686446    6.59%
   8081  5151       88.0488   114       91.0000       85.0000  4700000    6.59%
Elapsed time = 1481.50 sec. (620631.53 ticks, tree = 139.57 MB, solutions = 6)
   8151  5202       86.8333   194       91.0000       85.0000  4719388    6.59%
   8251  5315        cutoff             91.0000       85.0000  4759113    6.59%
   8307  5383       85.5000    72       91.0000       85.0000  4788896    6.59%
   8400  5387       89.0000    47       91.0000       85.0000  4780932    6.59%
   8459  5492       90.0000    87       91.0000       85.0000  4816310    6.59%
   8528  5550       85.7977    67       91.0000       85.0000  4839813    6.59%
   8620  5489       88.0000    20       91.0000       85.0000  4829856    6.59%
   8706  5645       86.2667    68       91.0000       85.0000  4865921    6.59%
   8821  5777       86.6216    59       91.0000       85.0000  4916434    6.59%
   8912  5921       87.7615    81       91.0000       85.0000  4939913    6.59%
Elapsed time = 1578.92 sec. (659105.71 ticks, tree = 149.76 MB, solutions = 6)
   9090  5948       87.3200    69       91.0000       85.0000  4945436    6.59%
   9174  6041       86.1346   111       91.0000       85.0000  4966751    6.59%
   9272  6145       88.9167    63       91.0000       85.0000  4992997    6.59%
   9330  6023       85.0419    82       91.0000       85.0000  4969617    6.59%
   9416  6191       89.4000    32       91.0000       85.0000  5005183    6.59%
   9489  6396       87.0000    72       91.0000       85.0000  5078265    6.59%
   9555  6324       85.3554    88       91.0000       85.0000  5059836    6.59%
   9615  6488       85.6022    82       91.0000       85.0000  5110080    6.59%
   9672  6470       86.2000    82       91.0000       85.0000  5101985    6.59%
   9753  6559       87.0991   117       91.0000       85.0000  5137513    6.59%
Elapsed time = 1665.36 sec. (697678.09 ticks, tree = 162.59 MB, solutions = 6)
   9818  6685       86.1364    80       91.0000       85.0000  5177050    6.59%
   9903  6738       85.8571    67       91.0000       85.0000  5191728    6.59%
   9957  6709       87.1765    80       91.0000       85.0000  5185159    6.59%
   9995  6749       85.4878    64       91.0000       85.0000  5207198    6.59%
  10053  6866       89.0000    56       91.0000       85.0000  5230505    6.59%
  10190  6880       86.0000    86       91.0000       85.0000  5245106    6.59%
  10300  6911       88.1333    60       91.0000       85.0000  5245321    6.59%
  10371  6972       86.2000    92       91.0000       85.0000  5268573    6.59%
  10516  7186       88.5000    84       91.0000       85.0000  5335176    6.59%
  10578  7299       85.3395    64       91.0000       85.0000  5354493    6.59%
Elapsed time = 1760.25 sec. (736531.59 ticks, tree = 175.64 MB, solutions = 6)
  10644  7123       86.5000    70       91.0000       85.0000  5335489    6.59%
  10711  7381       85.0000    43       91.0000       85.0000  5391657    6.59%
  10805  7456       85.9091    82       91.0000       85.0000  5414845    6.59%
  10899  7401       86.2833    92       91.0000       85.0000  5385579    6.59%
  11011  7511       87.2500    46       91.0000       85.0000  5435689    6.59%
  11098  7566       89.0000    57       91.0000       85.0000  5440942    6.59%
  11148  7801       85.6977    56       91.0000       85.0000  5500199    6.59%
  11205  7810       87.2907    76       91.0000       85.0000  5505808    6.59%
  11273  7816       85.5000    40       91.0000       85.0000  5510110    6.59%
  11322  7826       86.0000    64       91.0000       85.0000  5512354    6.59%
Elapsed time = 1853.86 sec. (775467.88 ticks, tree = 186.66 MB, solutions = 6)
  11359  7936       86.8130    95       91.0000       85.0000  5561699    6.59%
  11469  7955       85.8000    39       91.0000       85.0000  5568498    6.59%
  11574  7996       87.4167    69       91.0000       85.0000  5596344    6.59%
  11694  7988       89.6429    42       91.0000       85.0000  5584854    6.59%
  11798  8092       85.6897    68       91.0000       85.0000  5635602    6.59%
  11914  8166       90.0000    33       91.0000       85.0000  5657982    6.59%
  12015  8360       85.4762    75       91.0000       85.0000  5702693    6.59%
  12130  8262       88.0000    63       91.0000       85.0000  5678928    6.59%
  12238  8410       86.3015   108       91.0000       85.0000  5726057    6.59%
  12341  8479       85.0667    63       91.0000       85.0000  5753309    6.59%
Elapsed time = 1959.69 sec. (814537.80 ticks, tree = 199.28 MB, solutions = 6)
  12424  8495       86.4444    70       91.0000       85.0000  5758967    6.59%
  12621  8694       85.0361    51       91.0000       85.0000  5810799    6.59%
  12738  8734    infeasible             91.0000       85.0000  5816489    6.59%
  12821  8748       86.7143    67       91.0000       85.0000  5822182    6.59%
  12956  8983       85.0000    23       91.0000       85.0000  5887686    6.59%
  13039  9008       85.3947    50       91.0000       85.0000  5894690    6.59%
  13092  9216       85.1563    74       91.0000       85.0000  5930787    6.59%
  13146  9101        cutoff             91.0000       85.0000  5917425    6.59%
  13195  9247       85.8000    78       91.0000       85.0000  5954379    6.59%
  13284  9374       85.5000    34       91.0000       85.0000  5979451    6.59%
Elapsed time = 2073.92 sec. (853008.83 ticks, tree = 214.13 MB, solutions = 6)
  13386  9442        cutoff             91.0000       85.0000  6009386    6.59%
  13498  9522       87.4559    85       91.0000       85.0000  6042498    6.59%
  13635  9488       85.3333    48       91.0000       85.0000  6028271    6.59%
  13769  9550       86.5217    81       91.0000       85.0000  6061075    6.59%
  13914  9860       89.8824    73       91.0000       85.0000  6138462    6.59%
  14107  9663       86.0000    77       91.0000       85.0000  6098789    6.59%
  14199  9675       85.0000    38       91.0000       85.0000  6106046    6.59%
  14329 10074       87.7167    78       91.0000       85.0000  6169821    6.59%
  14455 10100       88.8333    63       91.0000       85.0000  6176781    6.59%
  14541 10155       87.7059   101       91.0000       85.0000  6208458    6.59%
Elapsed time = 2159.95 sec. (891423.51 ticks, tree = 228.70 MB, solutions = 6)
  14615 10424       86.0500    44       91.0000       85.0000  6270806    6.59%
  14653 10321       87.9091    73       91.0000       85.0000  6262133    6.59%
  14710 10445       86.3905    89       91.0000       85.0000  6279872    6.59%
  14812 10580       85.6667    62       91.0000       85.0000  6310323    6.59%
  14867 10628       86.0500    42       91.0000       85.0000  6348079    6.59%
  14933 10670       85.9342   128       91.0000       85.0000  6363953    6.59%
  14985 10692       86.8950    92       91.0000       85.0000  6366836    6.59%
  15026 10820       87.5451   139       91.0000       85.0000  6426007    6.59%
  15094 10713       85.6400    48       91.0000       85.0000  6376648    6.59%
  15234 10896       89.2667    61       91.0000       85.0000  6446101    6.59%
Elapsed time = 2253.13 sec. (930147.06 ticks, tree = 239.83 MB, solutions = 6)
  15354 10941       89.0000    37       91.0000       85.0000  6454381    6.59%
  15448 11029       85.2045    78       91.0000       85.0000  6502796    6.59%
  15543 11029       88.2432    89       91.0000       85.0000  6471738    6.59%
  15586 11295       89.4000    70       91.0000       85.0000  6558586    6.59%
  15638 11350       86.5385    85       91.0000       85.0000  6588604    6.59%
  15695 11377       89.8667   100       91.0000       85.0000  6596330    6.59%
  15759 11327       85.5731    69       91.0000       85.0000  6576241    6.59%
  15866 11428       86.5680    74       91.0000       85.0000  6609000    6.59%
  15917 11439        cutoff             91.0000       85.0000  6616858    6.59%
  16023 11574       86.2000    61       91.0000       85.0000  6704843    6.59%
Elapsed time = 2353.05 sec. (968919.86 ticks, tree = 253.13 MB, solutions = 6)
  16136 11639       88.7808    75       91.0000       85.0000  6743067    6.59%
  16216 11514       86.2000    54       91.0000       85.0000  6668097    6.59%
  16312 11597       86.5680    87       91.0000       85.0000  6728240    6.59%
  16394 11625        cutoff             91.0000       85.0000  6735266    6.59%
  16487 11777       86.4884    63       91.0000       85.0000  6783340    6.59%
  16538 11789       86.6471    74       91.0000       85.0000  6791994    6.59%
  16618 12000       86.5925   133       91.0000       85.0000  6869012    6.59%
  16690 12133       85.4157    72       91.0000       85.0000  6924448    6.59%
  16772 12242       86.3333    58       91.0000       85.0000  6972415    6.59%
  16837 12151       85.0857    62       91.0000       85.0000  6936306    6.59%
Elapsed time = 2450.34 sec. (1007454.91 ticks, tree = 266.04 MB, solutions = 6)
  16916 12175       85.6830   102       91.0000       85.0000  6943192    6.59%
  16981 12202       85.5625    51       91.0000       85.0000  6964141    6.59%
  17034 12210       86.6203    62       91.0000       85.0000  6970151    6.59%
  17071 12391       87.6932    63       91.0000       85.0000  7007129    6.59%
  17106 12471       86.2000    61       91.0000       85.0000  7053848    6.59%
  17203 12530       86.3091    84       91.0000       85.0000  7086220    6.59%
  17295 12537       86.6296    51       91.0000       85.0000  7065028    6.59%
  17360 12567       87.4000    91       91.0000       85.0000  7101774    6.59%
  17447 12788       85.9444    50       91.0000       85.0000  7192733    6.59%
  17530 12804       85.3760    89       91.0000       85.0000  7198022    6.59%
Elapsed time = 2548.33 sec. (1046843.72 ticks, tree = 274.59 MB, solutions = 6)
  17594 12717       90.0000    50       91.0000       85.0000  7179479    6.59%
  17697 12848       90.0000    66       91.0000       85.0000  7211664    6.59%
  17756 12855       89.2619    52       91.0000       85.0000  7219599    6.59%
  17810 13042       88.1600    67       91.0000       85.0000  7328539    6.59%
  17875 12950       87.1030    83       91.0000       85.0000  7305851    6.59%
  17937 13062       87.2222    45       91.0000       85.0000  7338262    6.59%
  18002 13205       85.1642    77       91.0000       85.0000  7390731    6.59%
  18065 13138        cutoff             91.0000       85.0000  7364946    6.59%
  18100 13264       86.7500    62       91.0000       85.0000  7421919    6.59%
  18119 13223       87.5000    57       91.0000       85.0000  7406382    6.59%
Elapsed time = 2668.80 sec. (1085726.20 ticks, tree = 282.99 MB, solutions = 6)
  18152 13296       86.6458    65       91.0000       85.0000  7452910    6.59%
  18208 13290        cutoff             91.0000       85.0000  7434856    6.59%
  18242 13315       86.9524    48       91.0000       85.0000  7459115    6.59%
  18296 13406       85.0000    52       91.0000       85.0000  7525903    6.59%
  18342 13480       87.2000    69       91.0000       85.0000  7547639    6.59%
  18390 13401       88.4918    66       91.0000       85.0000  7515724    6.59%
  18446 13422       85.0000    91       91.0000       85.0000  7533147    6.59%
  18525 13511       88.0000    66       91.0000       85.0000  7563482    6.59%
  18592 13527       87.0000    58       91.0000       85.0000  7567726    6.59%
  18642 13540       87.2222    67       91.0000       85.0000  7573661    6.59%
Elapsed time = 2756.19 sec. (1124287.51 ticks, tree = 290.16 MB, solutions = 6)
  18723 13646       90.0000    72       91.0000       85.0000  7636942    6.59%
  18810 13668       87.3333    54       91.0000       85.0000  7645473    6.59%
  18872 13735       85.0000    72       91.0000       85.0000  7655521    6.59%
  18920 13849       85.6932    92       91.0000       85.0000  7689815    6.59%
  19009 13769       85.0000    36       91.0000       85.0000  7666235    6.59%
  19059 13907       86.5500    59       91.0000       85.0000  7701850    6.59%
  19099 14090        cutoff             91.0000       85.0000  7789995    6.59%
  19131 14100       86.1538    63       91.0000       85.0000  7795408    6.59%
  19169 14113        cutoff             91.0000       85.0000  7799953    6.59%
  19253 14016       86.6667    77       91.0000       85.0000  7776600    6.59%
Elapsed time = 2854.25 sec. (1163189.82 ticks, tree = 298.61 MB, solutions = 6)
  19293 14169        cutoff             91.0000       85.0000  7837255    6.59%
  19340 14133       86.4706    58       91.0000       85.0000  7812668    6.59%
  19378 14266       87.9200   120       91.0000       85.0000  7891549    6.59%
  19436 14278       85.0000    43       91.0000       85.0000  7896528    6.59%
  19480 14347       85.0000    97       91.0000       85.0000  7943008    6.59%
  19519 14331       87.3200    69       91.0000       85.0000  7930078    6.59%
  19557 14272       89.0000    46       91.0000       85.0000  7885631    6.59%
  19589 14455       85.7500    70       91.0000       85.0000  7997911    6.59%
  19623 14461       89.0000    53       91.0000       85.0000  8003449    6.59%
  19650 14489       85.4000    92       91.0000       85.0000  8023724    6.59%
Elapsed time = 2945.34 sec. (1202200.84 ticks, tree = 304.63 MB, solutions = 6)
  19679 14501       87.0200   123       91.0000       85.0000  8027844    6.59%
  19771 14522       85.1765    64       91.0000       85.0000  8049444    6.59%
  19818 14447       86.4000    62       91.0000       85.0000  7992858    6.59%
  19967 14641       85.4545    58       91.0000       85.0000  8100163    6.59%
  20051 14590       85.0667    84       91.0000       85.0000  8051936    6.59%
  20114 14591       85.4774    93       91.0000       85.0000  8085622    6.59%
  20246 14731       85.3333    48       91.0000       85.0000  8121065    6.59%
  20334 14756       89.4545    40       91.0000       85.0000  8129472    6.59%
  20423 14825       87.5854    94       91.0000       85.0000  8170995    6.59%
  20513 14879       88.0000    61       91.0000       85.0000  8196993    6.59%
Elapsed time = 3036.24 sec. (1241266.88 ticks, tree = 316.74 MB, solutions = 6)
  20606 14893       88.1538    45       91.0000       85.0000  8204795    6.59%
  20671 15087       86.0179    63       91.0000       85.0000  8251992    6.59%
  20747 15172       85.3000    31       91.0000       85.0000  8289550    6.59%
  20836 15119       86.3810    86       91.0000       85.0000  8262973    6.59%
  20913 15308       88.7466    52       91.0000       85.0000  8352628    6.59%
  21039 15374       88.0000    46       91.0000       85.0000  8332849    6.59%
  21126 15276       86.9091    50       91.0000       85.0000  8313112    6.59%
  21211 15372       89.0000    83       91.0000       85.0000  8370879    6.59%
  21248 15378       85.0103    98       91.0000       85.0000  8375892    6.59%
  21287 15556       85.0000    35       91.0000       85.0000  8440393    6.59%
Elapsed time = 3136.44 sec. (1280391.19 ticks, tree = 327.41 MB, solutions = 6)
  21317 15709       85.8000   158       91.0000       85.0000  8470745    6.59%
  21344 15817       86.6000   152       91.0000       85.0000  8522107    6.59%
  21379 15864        cutoff             91.0000       85.0000  8547280    6.59%
  21398 15865       90.0000    28       91.0000       85.0000  8555791    6.59%
  21449 15874       85.0000    27       91.0000       85.0000  8559837    6.59%
  21514 15927       88.0000    83       91.0000       85.0000  8571027    6.59%
  21587 15966       86.5096    81       91.0000       85.0000  8579401    6.59%
  21687 15962       86.1765    68       91.0000       85.0000  8593935    6.59%
  21801 16002       85.5000    46       91.0000       85.0000  8661885    6.59%
  21845 16017       87.2500    65       91.0000       85.0000  8600137    6.59%
Elapsed time = 3255.94 sec. (1319452.86 ticks, tree = 337.10 MB, solutions = 6)
  21974 16011       88.3000    99       91.0000       85.0000  8611536    6.59%
  22037 16035       87.4737    75       91.0000       85.0000  8682710    6.59%
  22149 16040       85.0000    44       91.0000       85.0000  8621641    6.59%
  22248 16086       86.9438    70       91.0000       85.0000  8694999    6.59%
  22335 16105       85.4545    50       91.0000       85.0000  8701966    6.59%
  22376 16530       85.5114    78       91.0000       85.0000  8823847    6.59%
  22435 16317       87.9375    68       91.0000       85.0000  8758766    6.59%
  22486 16657       85.4783    81       91.0000       85.0000  8868010    6.59%
  22524 16554       89.0000    56       91.0000       85.0000  8837728    6.59%
  22566 16774       85.0347    72       91.0000       85.0000  8933516    6.59%
Elapsed time = 3353.78 sec. (1358181.43 ticks, tree = 351.28 MB, solutions = 6)
  22627 16579       88.2326    18       91.0000       85.0000  8843159    6.59%
  22688 16792       85.8000    67       91.0000       85.0000  8942155    6.59%
  22738 16865       85.7143    74       91.0000       85.0000  8968305    6.59%
  22824 16758       85.6667    50       91.0000       85.0000  8918883    6.59%
  22875 16899       85.5618   112       91.0000       85.0000  8982013    6.59%
  22926 16908       85.6851    95       91.0000       85.0000  8987158    6.59%
  22974 16949       87.5000    55       91.0000       85.0000  9030076    6.59%
  23065 17092       85.0709    81       91.0000       85.0000  9097069    6.59%
  23106 16981       85.6314    66       91.0000       85.0000  9043647    6.59%
  23215 17139       85.5645    78       91.0000       85.0000  9108373    6.59%
Elapsed time = 3449.78 sec. (1397274.81 ticks, tree = 356.68 MB, solutions = 6)
  23355 17071       85.1455    90       91.0000       85.0000  9084070    6.59%
  23448 17170       86.6000    57       91.0000       85.0000  9143864    6.59%
  23562 17257       85.4706    66       91.0000       85.0000  9134237    6.59%
  23652 17279       89.6923    37       91.0000       85.0000  9141914    6.59%
  23682 17310       85.4651   100       91.0000       85.0000  9188204    6.59%
  23752 17399       87.6667   124       91.0000       85.0000  9222436    6.59%
  23801 17660       85.9786    78       91.0000       85.0000  9292351    6.59%
  23896 17416       85.2353    90       91.0000       85.0000  9229922    6.59%
  23957 17830       85.4138   117       91.0000       85.0000  9351533    6.59%
  24012 17766       86.3889    54       91.0000       85.0000  9330216    6.59%
Elapsed time = 3540.39 sec. (1435996.21 ticks, tree = 371.33 MB, solutions = 6)
  24055 17781       85.4651    66       91.0000       85.0000  9334446    6.59%
  24104 17850       86.2000   178       91.0000       85.0000  9362080    6.59%
  24140 17966       86.0333    98       91.0000       85.0000  9398295    6.59%
  24187 17861       87.7273    71       91.0000       85.0000  9371309    6.59%
  24223 17804       87.0000   124       91.0000       85.0000  9354835    6.59%
  24257 18007       86.0093    94       91.0000       85.0000  9413663    6.59%
  24307 18007       88.0000    20       91.0000       85.0000  9454417    6.59%
  24389 18044       86.8824    53       91.0000       85.0000  9470801    6.59%
  24465 18226       87.8705    77       91.0000       85.0000  9553577    6.59%
  24543 18251       87.0180    67       91.0000       85.0000  9561372    6.59%
Elapsed time = 3645.95 sec. (1475540.07 ticks, tree = 377.04 MB, solutions = 6)
  24636 18270       88.0090    71       91.0000       85.0000  9582878    6.59%
  24694 18295       85.1143    81       91.0000       85.0000  9554579    6.59%
  24741 18440       87.5000   101       91.0000       85.0000  9661578    6.59%
  24805 18313       85.0000    29       91.0000       85.0000  9635057    6.59%
  24893 18467       85.3039    54       91.0000       85.0000  9674922    6.59%
  24977 18354       85.4619    72       91.0000       85.0000  9614935    6.59%
  25035 18362       85.0000    36       91.0000       85.0000  9655688    6.59%
  25076 18525       86.2963   102       91.0000       85.0000  9694607    6.59%
  25096 18855       85.0000    29       91.0000       85.0000  9825079    6.59%
  25108 18773        cutoff             91.0000       85.0000  9797732    6.59%
Elapsed time = 3765.13 sec. (1514947.08 ticks, tree = 392.05 MB, solutions = 6)
  25123 18780       87.1765    95       91.0000       85.0000  9802992    6.59%
  25148 18870       86.4615   134       91.0000       85.0000  9838785    6.59%
  25174 18881       88.7000   107       91.0000       85.0000  9844980    6.59%
  25202 18888       85.7520   103       91.0000       85.0000  9850444    6.59%
  25217 18899       87.1923    94       91.0000       85.0000  9855497    6.59%
  25218 18975       85.0000   212       91.0000       85.0000  9969059    6.59%
  25221 18975       85.0000   170       91.0000       85.0000  9969176    6.59%
  25234  1925       85.0000   194       91.0000       85.0000  9981986    6.59%
  25251   135       85.3846   123       91.0000       85.0000  9988639    6.59%
  25261   131       85.0000   114       91.0000       85.0000 10024226    6.59%
Elapsed time = 4016.70 sec. (1690036.41 ticks, tree = 5.96 MB, solutions = 6)
  25270   117       88.0000    76       91.0000       85.0000 10037999    6.59%
  25277    94       85.0746   190       91.0000       85.0000 10051942    6.59%
  25288    87       85.5000   133       91.0000       85.0000 10078683    6.59%
  25298    87       88.1351   170       91.0000       85.0000 10093450    6.59%
  25317    92       86.0000    65       91.0000       85.0000 10157972    6.59%
  25339   100       86.8235    91       91.0000       85.0000 10175192    6.59%
  25374   107       85.6667   165       91.0000       85.0000 10207907    6.59%
  25398   143       90.0000    78       91.0000       85.0000 10291194    6.59%
  25423   164       85.5161   185       91.0000       85.0000 10335469    6.59%
  25441   161       85.0000    61       91.0000       85.0000 10315481    6.59%
Elapsed time = 4094.84 sec. (1729831.41 ticks, tree = 29.52 MB, solutions = 6)
  25458   190       90.0000   147       91.0000       85.0000 10415362    6.59%
  25483   197       88.0000    97       91.0000       85.0000 10446207    6.59%
  25506   220       88.0177    63       91.0000       85.0000 10473372    6.59%
  25520   243       85.0000    43       91.0000       85.0000 10548445    6.59%
  25532   223       90.0000    80       91.0000       85.0000 10531614    6.59%
  25544   250       85.7059   161       91.0000       85.0000 10616901    6.59%
  25560   253       86.0909   190       91.0000       85.0000 10619496    6.59%
  25571   275       85.0588    94       91.0000       85.0000 10659513    6.59%
  25586   283       85.0000    59       91.0000       85.0000 10662867    6.59%
  25595   290       85.6471   195       91.0000       85.0000 10669197    6.59%
Elapsed time = 4171.20 sec. (1770306.89 ticks, tree = 60.70 MB, solutions = 6)
  25606   293       85.8462   132       91.0000       85.0000 10672925    6.59%
  25625   286       85.0000    51       91.0000       85.0000 10663644    6.59%
  25643   322       86.8000    68       91.0000       85.0000 10697400    6.59%
  25664   333       90.0000    35       91.0000       85.0000 10701420    6.59%
  25693   339       89.5000    77       91.0000       85.0000 10707395    6.59%
  25708   336       85.0000    53       91.0000       85.0000 10703838    6.59%
  25723   354       86.6667    70       91.0000       85.0000 10734047    6.59%
  25739   386       87.1111    85       91.0000       85.0000 10752400    6.59%
  25766   397       86.5340   135       91.0000       85.0000 10766890    6.59%
  25784   410       86.7941   204       91.0000       85.0000 10779759    6.59%
Elapsed time = 4249.77 sec. (1811409.70 ticks, tree = 102.20 MB, solutions = 6)
  25798   401       85.0342   204       91.0000       85.0000 10773951    6.59%
  25814   447       85.7619   186       91.0000       85.0000 10803192    6.59%
  25832   421       85.0000    44       91.0000       85.0000 10796261    6.59%
  25852   448       89.5000   118       91.0000       85.0000 10833073    6.59%
  25866   450       86.0000    52       91.0000       85.0000 10836849    6.59%
  25880   453       85.4636   165       91.0000       85.0000 10840554    6.59%
  25899   507        cutoff             91.0000       85.0000 10878790    6.59%
  25911   511       86.1000    90       91.0000       85.0000 10892360    6.59%
  25931   502       85.0000    53       91.0000       85.0000 10873147    6.59%
  25950   535       85.9231   167       91.0000       85.0000 10934875    6.59%
Elapsed time = 4337.17 sec. (1852795.11 ticks, tree = 149.55 MB, solutions = 6)
  25974   535       85.2105   114       91.0000       85.0000 10928311    6.59%
  26004   542       88.4167   164       91.0000       85.0000 10949483    6.59%
  26020   537        cutoff             91.0000       85.0000 10946640    6.59%
  26037   552       86.0000    99       91.0000       85.0000 10953909    6.59%
  26066   569       85.5556   153       91.0000       85.0000 10970494    6.59%
  26084   628       85.4819   135       91.0000       85.0000 10982818    6.59%
  26141   634       85.4444   107       91.0000       85.0000 10998280    6.59%
  26158   658       85.1584   107       91.0000       85.0000 10985531    6.59%
  26185   662       85.5556   178       91.0000       85.0000 11005754    6.59%
  26197   709       85.5723   140       91.0000       85.0000 11004770    6.59%
Elapsed time = 4430.50 sec. (1893396.78 ticks, tree = 213.56 MB, solutions = 6)
  26240   729       86.5714   137       91.0000       85.0000 11033323    6.59%
  26278   738       85.8000   192       91.0000       85.0000 11009270    6.59%
  26295   736       89.0000    53       91.0000       85.0000 11041821    6.59%
  26305   769       89.2222   115       91.0000       85.0000 11062047    6.59%
  26322   793       86.8254   171       91.0000       85.0000 11069814    6.59%
  26348   760       86.2222   141       91.0000       85.0000 11057825    6.59%
  26360   826    infeasible             91.0000       85.0000 11101552    6.59%
  26382   859       87.0000   147       91.0000       85.0000 11119074    6.59%
  26393   836       85.3333   131       91.0000       85.0000 11094053    6.59%
  26411   880       85.5000    66       91.0000       85.0000 11136178    6.59%
Elapsed time = 4506.99 sec. (1934299.81 ticks, tree = 270.01 MB, solutions = 6)
  26429   891       88.0000    93       91.0000       85.0000 11152120    6.59%
  26445   879       86.0000    64       91.0000       85.0000 11135443    6.59%
  26461   894       89.0000    88       91.0000       85.0000 11146523    6.59%
  26475   927       89.0000    58       91.0000       85.0000 11170216    6.59%
  26487   935       89.0000    22       91.0000       85.0000 11172755    6.59%
  26499   945       86.5000   122       91.0000       85.0000 11212871    6.59%
  26514   948        cutoff             91.0000       85.0000 11217030    6.59%
  26538   981       85.8571    90       91.0000       85.0000 11248548    6.59%
  26560   988       86.6000   157       91.0000       85.0000 11251315    6.59%
  26574  1006       85.0000    94       91.0000       85.0000 11267967    6.59%
Elapsed time = 4588.91 sec. (1973829.20 ticks, tree = 311.09 MB, solutions = 6)
  26579   989       88.2000   184       91.0000       85.0000 11258844    6.59%
  26596  1014       85.0000   135       91.0000       85.0000 11272309    6.59%
  26621  1008       85.3077    95       91.0000       85.0000 11267941    6.59%
  26641  1061       85.1493   221       91.0000       85.0000 11317845    6.59%
  26662  1070       85.2227   210       91.0000       85.0000 11319880    6.59%
  26693  1079       85.2568   220       91.0000       85.0000 11320486    6.59%
  26715  1116       85.9000   212       91.0000       85.0000 11383273    6.59%
  26737  1141       86.5000   129       91.0000       85.0000 11499917    6.59%
  26753  1135       86.5000    93       91.0000       85.0000 11435868    6.59%
  26777  1148        cutoff             91.0000       85.0000 11439849    6.59%
Elapsed time = 4655.47 sec. (2013308.83 ticks, tree = 320.97 MB, solutions = 6)
  26789  1169       87.5000   117       91.0000       85.0000 11523733    6.59%
  26813  1190       86.1025   192       91.0000       85.0000 11538416    6.59%
  26836  1209       85.6667   175       91.0000       85.0000 11550080    6.59%
  26854  1197       85.0000    83       91.0000       85.0000 11542631    6.59%
  26872  1236       85.1316   200       91.0000       85.0000 11579479    6.59%
  26878  1224       85.5333   209       91.0000       85.0000 11570380    6.59%
  26889  1240       86.0000   119       91.0000       85.0000 11585130    6.59%
  26910  1271       90.0000   109       91.0000       85.0000 11614957    6.59%
  26925  1259       86.5000   115       91.0000       85.0000 11598098    6.59%
  26940  1292       87.5000   194       91.0000       85.0000 11629553    6.59%
Elapsed time = 4734.89 sec. (2053183.80 ticks, tree = 363.18 MB, solutions = 6)
  26957  1296       87.7500   187       91.0000       85.0000 11630898    6.59%
  26981  1307       86.2000   136       91.0000       85.0000 11656305    6.59%
  26998  1304       85.8333   103       91.0000       85.0000 11648093    6.59%
  27015  1343       85.0000   161       91.0000       85.0000 11690222    6.59%
  27030  1340       86.0000    65       91.0000       85.0000 11682517    6.59%
  27044  1357       85.5000    97       91.0000       85.0000 11694072    6.59%
  27069  1377       90.0000   146       91.0000       85.0000 11720108    6.59%
  27106  1381       85.1304   111       91.0000       85.0000 11724931    6.59%
  27130  1404       85.4000   120       91.0000       85.0000 11732296    6.59%
  27158  1411       85.8000   153       91.0000       85.0000 11734755    6.59%
Elapsed time = 4815.11 sec. (2094315.17 ticks, tree = 410.10 MB, solutions = 6)
  27183  1423        cutoff             91.0000       85.0000 11747925    6.59%
  27204  1471       85.9067   179       91.0000       85.0000 11767782    6.59%
  27213  1426       87.6667   109       91.0000       85.0000 11756204    6.59%
  27234  1487       86.3333   129       91.0000       85.0000 11772456    6.59%
  27252  1488       85.0000   168       91.0000       85.0000 11794008    6.59%
  27265  1489       85.1667   217       91.0000       85.0000 11797888    6.59%
  27285  1497       87.3333   154       91.0000       85.0000 11799329    6.59%
  27309  1530       88.2500   150       91.0000       85.0000 11825708    6.59%
  27330  1544       85.0000    54       91.0000       85.0000 11843385    6.59%
  27359  1536       88.0870   138       91.0000       85.0000 11834840    6.59%
Elapsed time = 4883.08 sec. (2133959.95 ticks, tree = 469.55 MB, solutions = 6)
  27378  1581       87.8000   148       91.0000       85.0000 11872281    6.59%
  27397  1555       89.0000   111       91.0000       85.0000 11853127    6.59%
  27431  1588       85.3636   183       91.0000       85.0000 11878140    6.59%
  27455  1623       89.5000   136       91.0000       85.0000 11908068    6.59%
  27465  1592       85.8000   147       91.0000       85.0000 11883545    6.59%
  27500  1608       86.4000   151       91.0000       85.0000 11885936    6.59%
  27515  1649       88.0000    59       91.0000       85.0000 11929470    6.59%
  27536  1685       87.2571   178       91.0000       85.0000 11933171    6.59%
  27555  1688       85.6667   193       91.0000       85.0000 11939503    6.59%
  27565  1672       86.2013   164       91.0000       85.0000 11936769    6.59%
Elapsed time = 4974.17 sec. (2174452.88 ticks, tree = 512.10 MB, solutions = 6)
  27587  1704       86.2836   192       91.0000       85.0000 11943276    6.59%
  27605  1719       87.2857   177       91.0000       85.0000 11944715    6.59%
  27626  1746       85.0485   193       91.0000       85.0000 11961326    6.59%
  27645  1757       85.2000   144       91.0000       85.0000 11961891    6.59%
  27676  1766       89.0000   135       91.0000       85.0000 11981640    6.59%
  27703  1771       89.0116   170       91.0000       85.0000 11985684    6.59%
  27722  1786       90.0000    78       91.0000       85.0000 11991622    6.59%
  27756  1794       85.4000    99       91.0000       85.0000 11994791    6.59%
  27797  1879       85.4091   146       91.0000       85.0000 12016577    6.59%
  27848  1832       90.0000    74       91.0000       85.0000 12018476    6.59%
Elapsed time = 5060.45 sec. (2214186.07 ticks, tree = 588.88 MB, solutions = 6)
  27864  1804       86.0000   152       91.0000       85.0000 12004555    6.59%
  27887  1896       85.8140   188       91.0000       85.0000 12027778    6.59%
  27926  1902       89.5000   122       91.0000       85.0000 12030245    6.59%
  27945  2001       86.3000   100       91.0000       85.0000 12068074    6.59%
  27960  1982       86.1852   155       91.0000       85.0000 12059622    6.59%
  27970  1984       85.3077    92       91.0000       85.0000 12062712    6.59%
* 27983+ 1981                           90.0000       85.0000             5.56%
  27990  2007       85.0000   134       90.0000       85.0000 12074548    5.56%
  28001  2002       85.3077   161       90.0000       85.0000 12075125    5.56%
  28014  2005       85.3725   187       90.0000       85.0000 12077867    5.56%
  28031  1907       85.2703   204       90.0000       85.0000 12088100    5.56%
Elapsed time = 5132.14 sec. (2253896.46 ticks, tree = 597.01 MB, solutions = 7)
  28046  1915       85.5000   207       90.0000       85.0000 12089063    5.56%
  28069  1926       85.8125   206       90.0000       85.0000 12089286    5.56%
  28081  1930       85.2667    99       90.0000       85.0000 12125628    5.56%
  28093  1957       86.0880   127       90.0000       85.0000 12125584    5.56%
  28146  1981       86.5250   128       90.0000       85.0000 12159376    5.56%
  28167  1974       86.0000   205       90.0000       85.0000 12145940    5.56%
  28188  1996       85.8000   152       90.0000       85.0000 12166313    5.56%
  28216  1981       86.8000   168       90.0000       85.0000 12140658    5.56%
  28237  2005       87.8333   133       90.0000       85.0000 12174928    5.56%
  28253  2048       85.4267   140       90.0000       85.0000 12213550    5.56%
Elapsed time = 5209.09 sec. (2295823.36 ticks, tree = 671.31 MB, solutions = 7)
  28269  2094       85.0000    39       90.0000       85.0000 12244243    5.56%
  28279  2098       85.0000    35       90.0000       85.0000 12246691    5.56%
  28291  2055       85.8095   225       90.0000       85.0000 12225553    5.56%
  28307  2104       85.0000    32       90.0000       85.0000 12253548    5.56%
  28328  2135       85.8021   159       90.0000       85.0000 12297333    5.56%
  28347  2148       85.0000    22       90.0000       85.0000 12314045    5.56%
  28358  2106       85.5494   204       90.0000       85.0000 12277128    5.56%
  28374  2130       86.5000    58       90.0000       85.0000 12291564    5.56%
  28391  2181       85.0000    57       90.0000       85.0000 12343235    5.56%
  28406  2186       85.0304    99       90.0000       85.0000 12344271    5.56%
Elapsed time = 5288.99 sec. (2336140.63 ticks, tree = 708.95 MB, solutions = 7)
  28424  2170       85.1053    62       90.0000       85.0000 12334906    5.56%
  28446  2212       85.6429    79       90.0000       85.0000 12360111    5.56%
  28467  2250       87.2000    50       90.0000       85.0000 12378072    5.56%
  28513  2219       85.0000    42       90.0000       85.0000 12367858    5.56%
  28538  2282       89.0000    60       90.0000       85.0000 12388805    5.56%
  28565  2306       89.0000    37       90.0000       85.0000 12407147    5.56%
  28588  2257       87.7857    91       90.0000       85.0000 12378817    5.56%
  28617  2335       88.0000    55       90.0000       85.0000 12420464    5.56%
  28665  2352       89.0000    32       90.0000       85.0000 12422237    5.56%
  28736  2304       85.0000    49       90.0000       85.0000 12401784    5.56%
Elapsed time = 5354.13 sec. (2376513.95 ticks, tree = 776.98 MB, solutions = 7)
  28784  2361       85.0000    62       90.0000       85.0000 12444426    5.56%
  28812  2381       85.0000    45       90.0000       85.0000 12453593    5.56%
  28835  2391       85.0000    52       90.0000       85.0000 12454897    5.56%
  28866  2419       85.0972    79       90.0000       85.0000 12478813    5.56%
  28893  2424       85.0000    37       90.0000       85.0000 12484283    5.56%
  28911  2488       86.1132    62       90.0000       85.0000 12495750    5.56%
  28927  2566       85.1053    67       90.0000       85.0000 12513673    5.56%
  28951  2549       85.0000    45       90.0000       85.0000 12504690    5.56%
  28972  2589       85.1429    49       90.0000       85.0000 12534234    5.56%
  29018  2583       87.0000    63       90.0000       85.0000 12522740    5.56%
Elapsed time = 5439.91 sec. (2416823.12 ticks, tree = 862.30 MB, solutions = 7)
  29049  2563       85.0000    53       90.0000       85.0000 12512069    5.56%
  29078  2616       85.1053    75       90.0000       85.0000 12544469    5.56%
  29107  2631       86.6667    42       90.0000       85.0000 12547033    5.56%
  29138  2641       86.1538    74       90.0000       85.0000 12555600    5.56%
  29159  2653       85.3750   113       90.0000       85.0000 12559146    5.56%
  29196  2682       88.7000    88       90.0000       85.0000 12582366    5.56%
  29226  2768       86.0000    49       90.0000       85.0000 12616594    5.56%
  29266  2741       85.6667    53       90.0000       85.0000 12600540    5.56%
  29288  2831       87.0000    52       90.0000       85.0000 12615956    5.56%
  29334  2853       87.0000    44       90.0000       85.0000 12617550    5.56%
Elapsed time = 5513.03 sec. (2456018.42 ticks, tree = 944.64 MB, solutions = 7)
  29366  2889       85.1824   113       90.0000       85.0000 12667195    5.56%
  29400  2841       85.0933    85       90.0000       85.0000 12645883    5.56%
  29439  2853       86.0000    56       90.0000       85.0000 12646871    5.56%
  29490  2925       88.0000    81       90.0000       85.0000 12673552    5.56%
  29556  2956       88.0000    57       90.0000       85.0000 12675118    5.56%
  29607  3024       88.0000    65       90.0000       85.0000 12701021    5.56%
  29657  3131       85.2000    75       90.0000       85.0000 12727137    5.56%
  29731  3139        cutoff             90.0000       85.0000 12731324    5.56%
  29814  3145       85.0000    37       90.0000       85.0000 12733684    5.56%
  29840  3155       85.0000    39       90.0000       85.0000 12735153    5.56%
Elapsed time = 5591.81 sec. (2495156.69 ticks, tree = 1130.58 MB, solutions = 7)
  29875  3307       87.0000    45       90.0000       85.0000 12755310    5.56%
  29913  3170       85.0000    47       90.0000       85.0000 12739467    5.56%
  29946  3277       85.5436    76       90.0000       85.0000 12743767    5.56%
  29978  3284       85.0000    44       90.0000       85.0000 12745920    5.56%
  30003  3426       85.0000    42       90.0000       85.0000 12787174    5.56%
  30024  3458       85.0682    55       90.0000       85.0000 12801218    5.56%
  30051  3466       86.0000    50       90.0000       85.0000 12803798    5.56%
  30090  3569       86.7500    42       90.0000       85.0000 12842703    5.56%
  30127  3576       88.6667    14       90.0000       85.0000 12845703    5.56%
  30157  3485       85.7714    51       90.0000       85.0000 12812394    5.56%
Elapsed time = 5672.72 sec. (2534402.13 ticks, tree = 1232.77 MB, solutions = 7)
  30188  3487       85.5370    63       90.0000       85.0000 12815846    5.56%
  30230  3536       86.3333   107       90.0000       85.0000 12834718    5.56%
  30252  3543       86.5000    55       90.0000       85.0000 12836193    5.56%
  30274  3596       85.7500   101       90.0000       85.0000 12861743    5.56%
  30291  3707       86.0000    60       90.0000       85.0000 12899085    5.56%
  30326  3696       86.0000    20       90.0000       85.0000 12885584    5.56%
  30363  3703       86.0000    45       90.0000       85.0000 12888558    5.56%
  30393  3725        cutoff             90.0000       85.0000 12911967    5.56%
  30417  3731       85.0857    52       90.0000       85.0000 12906596    5.56%
  30441  3736       85.4000    87       90.0000       85.0000 12908750    5.56%
Elapsed time = 5751.05 sec. (2573817.52 ticks, tree = 1327.43 MB, solutions = 7)
  30465  3746       85.8065    58       90.0000       85.0000 12911191    5.56%
  30498  3755       88.4000    29       90.0000       85.0000 12914790    5.56%
  30555  3876       86.3872    84       90.0000       85.0000 12977504    5.56%
  30579  3830       86.8182    62       90.0000       85.0000 12952584    5.56%
  30600  3836       85.0584   105       90.0000       85.0000 12956987    5.56%
  30622  3932       85.2727    97       90.0000       85.0000 13007147    5.56%
  30673  3899        cutoff             90.0000       85.0000 12986477    5.56%
  30739  3909       85.0000    32       90.0000       85.0000 12990139    5.56%
  30766  3952       89.0000   102       90.0000       85.0000 13016114    5.56%
  30790  3952       85.0000    38       90.0000       85.0000 13011558    5.56%
Elapsed time = 5831.66 sec. (2613158.43 ticks, tree = 1399.52 MB, solutions = 7)
  30845  4016       87.8627    68       90.0000       85.0000 13047271    5.56%
  30876  3968       85.0429   133       90.0000       85.0000 13027194    5.56%
  30909  4028       85.0972    81       90.0000       85.0000 13054141    5.56%
  30947  4097       85.4098    72       90.0000       85.0000 13082740    5.56%
  31004  4038       86.1524    48       90.0000       85.0000 13061947    5.56%
  31058  4041       85.0000    45       90.0000       85.0000 13065170    5.56%
  31075  4221       86.5455    76       90.0000       85.0000 13097282    5.56%
  31100  4192       85.1525   141       90.0000       85.0000 13113916    5.56%
  31116  4207       85.2000    96       90.0000       85.0000 13114669    5.56%
  31145  4305       87.0000    48       90.0000       85.0000 13136133    5.56%
Elapsed time = 5913.52 sec. (2652624.92 ticks, tree = 1512.27 MB, solutions = 7)
  31165  4223        cutoff             90.0000       85.0000 13118964    5.56%
  31193  4286       85.0000    56       90.0000       85.0000 13132439    5.56%
  31227  4356       85.9375    80       90.0000       85.0000 13143280    5.56%
  31263  4394       85.4762   114       90.0000       85.0000 13158670    5.56%
  31297  4325        cutoff             90.0000       85.0000 13153868    5.56%
  31319  4366       85.1429   127       90.0000       85.0000 13152229    5.56%
  31353  4451       85.1809    51       90.0000       85.0000 13201056    5.56%
  31389  4427       85.1240   102       90.0000       85.0000 13177880    5.56%
  31431  4511       85.6111   127       90.0000       85.0000 13213261    5.56%
  31489  4438       86.5909    40       90.0000       85.0000 13184151    5.56%
Elapsed time = 5989.63 sec. (2692924.41 ticks, tree = 1619.94 MB, solutions = 7)
  31530  4544       85.6111   114       90.0000       85.0000 13213794    5.56%
  31590  4563       85.6111    99       90.0000       85.0000 13214005    5.56%
  31629  4603       86.0667   119       90.0000       85.0000 13243844    5.56%
  31666  4699       85.6111   114       90.0000       85.0000 13243378    5.56%
  31709  4628       85.2000    41       90.0000       85.0000 13250176    5.56%
  31759  4746       87.1860   125       90.0000       85.0000 13268969    5.56%
  31799  4748       85.0682    58       90.0000       85.0000 13273163    5.56%
  31842  4778       85.6111   135       90.0000       85.0000 13244698    5.56%
  31875  4876       86.8000    74       90.0000       85.0000 13313475    5.56%
  31923  4807       85.6429   150       90.0000       85.0000 13245827    5.56%
Elapsed time = 6068.80 sec. (2731955.88 ticks, tree = 1730.29 MB, solutions = 7)
  31956  4887       85.1068   173       90.0000       85.0000 13319907    5.56%
  32013  5009       85.6515   173       90.0000       85.0000 13314027    5.56%
  32070  4931       85.5000   142       90.0000       85.0000 13322149    5.56%
  32134  5054       85.6538   155       90.0000       85.0000 13314418    5.56%
  32180  4954       85.9029    79       90.0000       85.0000 13325566    5.56%
  32212  5103       87.4000    42       90.0000       85.0000 13366291    5.56%
  32255  5100       85.6944   131       90.0000       85.0000 13317084    5.56%
  32289  5122       85.2800    77       90.0000       85.0000 13373567    5.56%
  32323  5289       85.7083   143       90.0000       85.0000 13380827    5.56%
  32380  5376       88.0000    65       90.0000       85.0000 13396469    5.56%
Elapsed time = 6146.13 sec. (2771101.87 ticks, tree = 1919.39 MB, solutions = 7)
  32415  5321       85.7273   141       90.0000       85.0000 13381936    5.56%
  32430  5328       86.8000    59       90.0000       85.0000 13384027    5.56%
  32490  5383       85.4030    94       90.0000       85.0000 13418414    5.56%
  32524  5397       85.5818    59       90.0000       85.0000 13420009    5.56%
  32565  5433       87.6538    64       90.0000       85.0000 13435455    5.56%
  32591  5430       86.3810    60       90.0000       85.0000 13424447    5.56%
  32611  5564       85.7813    67       90.0000       85.0000 13457433    5.56%
  32627  5573       85.5000    64       90.0000       85.0000 13461782    5.56%
  32657  5496       86.8897    70       90.0000       85.0000 13443479    5.56%
  32705  5652       89.0000    26       90.0000       85.0000 13490203    5.56%
Elapsed time = 6218.20 sec. (2810835.64 ticks, tree = 1959.36 MB, solutions = 7)
  32761  5524       88.5000    39       90.0000       85.0000 13450001    5.56%
  32812  5648       85.3333    63       90.0000       85.0000 13473156    5.56%
  32870  5674       85.5714    37       90.0000       85.0000 13475074    5.56%
  32940  5693       85.9130    71       90.0000       85.0000 13504788    5.56%
  32973  5703       85.2308   105       90.0000       85.0000 13509751    5.56%
  33030  5719    infeasible             90.0000       85.0000 13511949    5.56%
  33091  5947       86.6667    60       90.0000       85.0000 13562865    5.56%
  33150  5865       85.0000    37       90.0000       85.0000 13546267    5.56%
  33192  6000       86.5156    79       90.0000       85.0000 13585361    5.56%
  33235  6013       87.1667    44       90.0000       85.0000 13588058    5.56%
Elapsed time = 6316.55 sec. (2850281.16 ticks, tree = 2014.40 MB, solutions = 7)
  33287  6048       86.3111    64       90.0000       85.0000 13608250    5.56%
  33307  6030       86.6957    39       90.0000       85.0000 13597674    5.56%
  33323  6055       86.3091    76       90.0000       85.0000 13614735    5.56%
  33391  6054       85.5000    95       90.0000       85.0000 13603833    5.56%
  33455  6099       85.0605    59       90.0000       85.0000 13619939    5.56%
  33483  6107       85.5556   130       90.0000       85.0000 13623423    5.56%
  33560  6285       86.2500    63       90.0000       85.0000 13658928    5.56%
  33640  6183       87.0000    26       90.0000       85.0000 13640020    5.56%
  33688  6216       85.2188    73       90.0000       85.0000 13648152    5.56%
  33727  6245       85.6000    33       90.0000       85.0000 13650137    5.56%
Elapsed time = 6448.36 sec. (2890064.70 ticks, tree = 2149.98 MB, solutions = 7)
Nodefile size = 102.09 MB (63.47 MB after compression)
  33778  6334       85.3084   114       90.0000       85.0000 13674095    5.56%
  33804  6526       85.8214   132       90.0000       85.0000 13727628    5.56%
  33827  6451       85.2459    89       90.0000       85.0000 13703644    5.56%
  33867  6619       85.1429    65       90.0000       85.0000 13755638    5.56%
  33917  6549       85.2051   121       90.0000       85.0000 13736894    5.56%
  33977  6568       86.4167   136       90.0000       85.0000 13738881    5.56%
  34011  6677       85.1429    42       90.0000       85.0000 13764795    5.56%
  34048  6657       86.1591    73       90.0000       85.0000 13769122    5.56%
  34086  6668       88.3000    32       90.0000       85.0000 13774598    5.56%
  34116  6696       85.4787   123       90.0000       85.0000 13774741    5.56%
Elapsed time = 6549.81 sec. (2929780.02 ticks, tree = 2327.08 MB, solutions = 7)
Nodefile size = 279.41 MB (172.52 MB after compression)
  34180  6857       85.4762   153       90.0000       85.0000 13835321    5.56%
  34225  6777       85.9000    78       90.0000       85.0000 13794800    5.56%
  34272  6899       86.0000   130       90.0000       85.0000 13838996    5.56%
  34336  6802       87.6667    53       90.0000       85.0000 13803321    5.56%
  34354  6906       88.4250    46       90.0000       85.0000 13871847    5.56%
  34376  6917       85.1364    81       90.0000       85.0000 13875878    5.56%
  34414  6927    infeasible             90.0000       85.0000 13883490    5.56%
  34467  7014       85.4000    62       90.0000       85.0000 13908667    5.56%
  34538  7014       87.1659    63       90.0000       85.0000 13882446    5.56%
  34579  7026       86.9677   103       90.0000       85.0000 13913211    5.56%
Elapsed time = 6694.36 sec. (2968769.26 ticks, tree = 2366.79 MB, solutions = 7)
Nodefile size = 319.48 MB (197.53 MB after compression)
  34629  7027       87.4571    91       90.0000       85.0000 13916964    5.56%
  34681  7239       88.3333    78       90.0000       85.0000 13947643    5.56%
  34727  6967       85.4864    98       90.0000       85.0000 13906138    5.56%
  34787  7266       85.5000    71       90.0000       85.0000 13955074    5.56%
  34848  7337       86.5000    45       90.0000       85.0000 13996875    5.56%
  34936  7180       85.5000   116       90.0000       85.0000 13936373    5.56%
  34988  7296       85.1818    94       90.0000       85.0000 13976962    5.56%
  35052  7322       87.0000    82       90.0000       85.0000 13979626    5.56%
  35121  7396       85.3816   102       90.0000       85.0000 14008474    5.56%
  35187  7353       87.0000    37       90.0000       85.0000 13986616    5.56%
Elapsed time = 6797.02 sec. (3008167.37 ticks, tree = 2502.24 MB, solutions = 7)
Nodefile size = 454.89 MB (281.21 MB after compression)
  35209  7361       85.5000    41       90.0000       85.0000 13991792    5.56%
  35233  7529       86.0000    72       90.0000       85.0000 14034350    5.56%
  35253  7631       85.4727    90       90.0000       85.0000 14058047    5.56%
  35287  7533       85.0822    88       90.0000       85.0000 14042615    5.56%
  35311  7744       86.8649    80       90.0000       85.0000 14083787    5.56%
  35345  7681       85.7637    98       90.0000       85.0000 14066321    5.56%
  35397  7863       85.9500    63       90.0000       85.0000 14110258    5.56%
  35461  7892       86.4500    72       90.0000       85.0000 14128970    5.56%
  35514  7896        cutoff             90.0000       85.0000 14132160    5.56%
  35570  7899       85.4000    68       90.0000       85.0000 14121068    5.56%
Elapsed time = 6873.31 sec. (3047055.92 ticks, tree = 2635.83 MB, solutions = 7)
Nodefile size = 588.42 MB (365.25 MB after compression)
  35619  7976       85.4460    96       90.0000       85.0000 14151511    5.56%
  35676  7858       86.9483    78       90.0000       85.0000 14104584    5.56%
  35726  8102       86.2222    66       90.0000       85.0000 14179035    5.56%
  35777  7951       85.5101    76       90.0000       85.0000 14147100    5.56%
  35845  7971       85.6250    42       90.0000       85.0000 14148807    5.56%
  35935  8060       85.1111    49       90.0000       85.0000 14168045    5.56%
  36008  8162       86.0625    73       90.0000       85.0000 14191338    5.56%
  36055  8301       85.3333    76       90.0000       85.0000 14228547    5.56%
  36099  8097       86.0000    26       90.0000       85.0000 14180955    5.56%
  36147  8167       86.6000    98       90.0000       85.0000 14204971    5.56%
Elapsed time = 6992.00 sec. (3086113.76 ticks, tree = 2837.34 MB, solutions = 7)
Nodefile size = 790.03 MB (492.85 MB after compression)
  36182  8255       85.0909    70       90.0000       85.0000 14221016    5.56%
  36228  8428       85.0000    29       90.0000       85.0000 14268461    5.56%
  36260  8432       85.0000    28       90.0000       85.0000 14272479    5.56%
  36296  8596       85.5181   101       90.0000       85.0000 14314899    5.56%
  36339  8626        cutoff             90.0000       85.0000 14316825    5.56%
  36357  8675       86.0000    40       90.0000       85.0000 14340242    5.56%
  36377  8630       85.0000    33       90.0000       85.0000 14320546    5.56%
  36383  8635       85.1634   164       90.0000       85.0000 14324442    5.56%
  36428  8701       85.0976    93       90.0000       85.0000 14360815    5.56%
  36496  8776       86.0000   177       90.0000       85.0000 14376547    5.56%
Elapsed time = 7096.58 sec. (3125271.63 ticks, tree = 2962.73 MB, solutions = 7)
Nodefile size = 914.99 MB (572.75 MB after compression)
  36566  8664       86.2000    89       90.0000       85.0000 14334227    5.56%
  36621  8722       88.0446   159       90.0000       85.0000 14367644    5.56%
  36694  8854       86.2000    89       90.0000       85.0000 14404018    5.56%
  36748  8785       85.2745   111       90.0000       85.0000 14374330    5.56%
  36784  8793       85.3953   132       90.0000       85.0000 14376284    5.56%
  36841  8889       88.0000    88       90.0000       85.0000 14389249    5.56%
  36905  8931       86.0278    71       90.0000       85.0000 14446662    5.56%
  36923  8938       85.3000   118       90.0000       85.0000 14449155    5.56%
  36948  9035       85.1017    57       90.0000       85.0000 14464972    5.56%
  37001  8973       85.3077   129       90.0000       85.0000 14457051    5.56%
Elapsed time = 7190.97 sec. (3165585.23 ticks, tree = 3170.71 MB, solutions = 7)
Nodefile size = 1123.18 MB (704.50 MB after compression)
  37054  8996       85.3077   118       90.0000       85.0000 14457227    5.56%
  37102  9076       86.0000    39       90.0000       85.0000 14471241    5.56%

Implied bound cuts applied:  6
Mixed integer rounding cuts applied:  2
Zero-half cuts applied:  5
Gomory fractional cuts applied:  3

Root node processing (before b&c):
  Real time             =   23.35 sec. (18824.72 ticks)
Parallel b&c, 4 threads:
  Real time             = 7183.64 sec. (3157003.78 ticks)
  Sync time (average)   =  392.23 sec.
  Wait time (average)   =    0.05 sec.
                          ------------
Total (root+branch&cut) = 7206.99 sec. (3175828.50 ticks)

  Solver finished!
----------------------------------------
  Solver Status: Feasible (not proven optimal)
  Objective Value: 90
  MIP Gap: 5.55556%
----------------------------------------

========================================
Extracting Results
========================================
  Extracting drone routes...
    - Drone 1: 3 nodes
    - Drone 3: 3 nodes
    - Drone 5: 3 nodes
    - Drone 13: 3 nodes
    - Drone 18: 6 nodes
    - Drone 19: 4 nodes
    - Drone 22: 5 nodes
    - Drone 25: 4 nodes
    - Drone 31: 3 nodes
    - Drone 45: 6 nodes

----------------------------------------
Extraction Summary:
  - Drones used: 10 / 50
  - Total arcs in routes: 30
  - Average route length: 3 arcs
----------------------------------------
Results extracted successfully.
ARC-FLOW model solved successfully!
ARC-FLOW Objective: 90
ARC-FLOW Solve Time: 7207.33 seconds
cg end!
The columns size of CG = 1985
begin to obtain upper bound by heuristic method
begin to solve solve_UB_using_IPsolver
begin to solve integer program
CPXPARAM_TimeLimit                               1800
CPXPARAM_Threads                                 8
Found incumbent of value 152.000000 after 0.00 sec. (0.39 ticks)
Tried aggregator 1 time.
MIP Presolve eliminated 79 rows and 2243 columns.
Reduced MIP has 53 rows, 516 columns, and 8057 nonzeros.
Reduced MIP has 516 binaries, 0 generals, 0 SOSs, and 0 indicators.
Presolve time = 0.03 sec. (20.19 ticks)
Probing time = 0.00 sec. (0.25 ticks)
Tried aggregator 1 time.
Reduced MIP has 53 rows, 516 columns, and 8057 nonzeros.
Reduced MIP has 516 binaries, 0 generals, 0 SOSs, and 0 indicators.
Presolve time = 0.00 sec. (4.56 ticks)
Probing time = 0.00 sec. (0.25 ticks)
Clique table members: 1.
MIP emphasis: balance optimality and feasibility.
MIP search method: dynamic search.
Parallel mode: deterministic, using up to 8 threads.
Root relaxation solution time = 0.00 sec. (1.34 ticks)

        Nodes                                         Cuts/
   Node  Left     Objective  IInf  Best Integer    Best Bound    ItCnt     Gap

*     0+    0                          152.0000        6.0000            96.05%
*     0+    0                          101.0000        6.0000            94.06%
*     0     0      integral     0       90.0000       90.0000       63    0.00%
Elapsed time = 0.05 sec. (29.18 ticks, tree = 0.00 MB, solutions = 2)

Root node processing (before b&c):
  Real time             =    0.05 sec. (29.31 ticks)
Parallel b&c, 8 threads:
  Real time             =    0.00 sec. (0.00 ticks)
  Sync time (average)   =    0.00 sec.
  Wait time (average)   =    0.00 sec.
                          ------------
Total (root+branch&cut) =    0.05 sec. (29.31 ticks)
Congratulate!! find an integer solution!!
***********The information of result from CG algorithm**********
***********The information of result from CG algorithm**********
***********The information of result from CG algorithm**********
The time running CG = 0.711
The iter number  = 47
The information of optimal solution:
The cost = 90
The routes:
The decision value of route251: 1	the cost of route: 6	the path of route:(0,2),(6,5),(0,8),
The decision value of route299: 1	the cost of route: 8	the path of route:(0,1),(5,3),(2,4),(1,5),(2,6),(5,7),(0,9),
The decision value of route317: 1	the cost of route: 6	the path of route:(0,8),(6,11),(0,2),
The decision value of route939: 1	the cost of route: 7	the path of route:(0,0),(10,2),(9,3),(10,4),(8,5),(0,7),
The decision value of route1001: 1	the cost of route: 4	the path of route:(0,9),(5,11),(0,1),
The decision value of route1002: 1	the cost of route: 4	the path of route:(0,9),(10,11),(0,1),
The decision value of route1006: 1	the cost of route: 4	the path of route:(0,9),(8,11),(0,1),
The decision value of route1035: 1	the cost of route: 6	the path of route:(0,8),(4,11),(0,2),
The decision value of route1043: 1	the cost of route: 9	the path of route:(0,0),(7,3),(4,4),(3,5),(7,6),(0,9),
The decision value of route1112: 1	the cost of route: 6	the path of route:(0,8),(2,11),(0,2),
The decision value of route1113: 1	the cost of route: 6	the path of route:(0,8),(7,11),(0,2),
The decision value of route1954: 1	the cost of route: 6	the path of route:(0,8),(10,10),(9,11),(0,2),
The decision value of route1963: 1	the cost of route: 8	the path of route:(0,7),(4,10),(3,11),(0,3),
The decision value of route1981: 1	the cost of route: 10	the path of route:(0,5),(10,7),(9,8),(1,11),(0,3),

The avg target number per drone = 2
The max drones num at same time = 12

1e+08	90	99.9999	lower
ip solution: 90
90	90	0	upper
already find the best integer solution in the root node! 
 
**********The result of Branch and Price**********
**********The result of Branch and Price**********
**********The result of Branch and Price**********
the running time of root node = 0.711 s
the running time of subproblem in the root node = 0.531 s, the percentage = 74.6835 %
the running time of Branch and Price = 2.04868e-312 s
the running time of cg in the whole tree = 0.711 s, the percentage = inf %
the running time of subproblem in the whole tree = 0.531 s, the percentage = 74.6835 %
the running time of heuristic_ip_running_time = 0.073 s
the running time of route enumeration = 0 s
the running time of reduced cost fixing = 0 s
the running time of diving = 4.94066e-323 s
the upper bound = 90
the lower bound = 90
the cost of best lp solution = 90
the gap = 0 %
the column enumeration columns number = 0 
the columns number = 1985 
the branch number = 0
the branch node number = 1
the branch depth = 1
the gap time during [10, 5, 3, 2, 1] = [0, 0, 0, 0, 0]
the ip solution found and time = (90, 0.802), 

the solution associated with upper bound: 
The cost = 90
The routes:
The decision value of route251: 1	the cost of route: 6	the path of route:(0,2),(6,5),(0,8),
The decision value of route299: 1	the cost of route: 8	the path of route:(0,1),(5,3),(2,4),(1,5),(2,6),(5,7),(0,9),
The decision value of route317: 1	the cost of route: 6	the path of route:(0,8),(6,11),(0,2),
The decision value of route939: 1	the cost of route: 7	the path of route:(0,0),(10,2),(9,3),(10,4),(8,5),(0,7),
The decision value of route1001: 1	the cost of route: 4	the path of route:(0,9),(5,11),(0,1),
The decision value of route1002: 1	the cost of route: 4	the path of route:(0,9),(10,11),(0,1),
The decision value of route1006: 1	the cost of route: 4	the path of route:(0,9),(8,11),(0,1),
The decision value of route1035: 1	the cost of route: 6	the path of route:(0,8),(4,11),(0,2),
The decision value of route1043: 1	the cost of route: 9	the path of route:(0,0),(7,3),(4,4),(3,5),(7,6),(0,9),
The decision value of route1112: 1	the cost of route: 6	the path of route:(0,8),(2,11),(0,2),
The decision value of route1113: 1	the cost of route: 6	the path of route:(0,8),(7,11),(0,2),
The decision value of route1954: 1	the cost of route: 6	the path of route:(0,8),(10,10),(9,11),(0,2),
The decision value of route1963: 1	the cost of route: 8	the path of route:(0,7),(4,10),(3,11),(0,3),
The decision value of route1981: 1	the cost of route: 10	the path of route:(0,5),(10,7),(9,8),(1,11),(0,3),

The avg target number per drone = 2
The max drones num at same time = 12

the solution associated with lower bound: 
The cost = 90
The routes:
The decision value of route251: 1	the cost of route: 6	the path of route:(0,2),(6,5),(0,8),
The decision value of route299: 1	the cost of route: 8	the path of route:(0,1),(5,3),(2,4),(1,5),(2,6),(5,7),(0,9),
The decision value of route317: 1	the cost of route: 6	the path of route:(0,8),(6,11),(0,2),
The decision value of route939: 1	the cost of route: 7	the path of route:(0,0),(10,2),(9,3),(10,4),(8,5),(0,7),
The decision value of route1001: 1	the cost of route: 4	the path of route:(0,9),(5,11),(0,1),
The decision value of route1002: 1	the cost of route: 4	the path of route:(0,9),(10,11),(0,1),
The decision value of route1006: 1	the cost of route: 4	the path of route:(0,9),(8,11),(0,1),
The decision value of route1035: 1	the cost of route: 6	the path of route:(0,8),(4,11),(0,2),
The decision value of route1043: 1	the cost of route: 9	the path of route:(0,0),(7,3),(4,4),(3,5),(7,6),(0,9),
The decision value of route1112: 1	the cost of route: 6	the path of route:(0,8),(2,11),(0,2),
The decision value of route1113: 1	the cost of route: 6	the path of route:(0,8),(7,11),(0,2),
The decision value of route1954: 1	the cost of route: 6	the path of route:(0,8),(10,10),(9,11),(0,2),
The decision value of route1963: 1	the cost of route: 8	the path of route:(0,7),(4,10),(3,11),(0,3),
The decision value of route1981: 1	the cost of route: 10	the path of route:(0,5),(10,7),(9,8),(1,11),(0,3),

The avg target number per drone = 2
The max drones num at same time = 12

the best lp solution: 
The cost = 90
The routes:
The decision value of route251: 1	the cost of route: 6	the path of route:(0,2),(6,5),(0,8),
The decision value of route299: 1	the cost of route: 8	the path of route:(0,1),(5,3),(2,4),(1,5),(2,6),(5,7),(0,9),
The decision value of route317: 1	the cost of route: 6	the path of route:(0,8),(6,11),(0,2),
The decision value of route939: 1	the cost of route: 7	the path of route:(0,0),(10,2),(9,3),(10,4),(8,5),(0,7),
The decision value of route1001: 1	the cost of route: 4	the path of route:(0,9),(5,11),(0,1),
The decision value of route1002: 1	the cost of route: 4	the path of route:(0,9),(10,11),(0,1),
The decision value of route1006: 1	the cost of route: 4	the path of route:(0,9),(8,11),(0,1),
The decision value of route1035: 1	the cost of route: 6	the path of route:(0,8),(4,11),(0,2),
The decision value of route1043: 1	the cost of route: 9	the path of route:(0,0),(7,3),(4,4),(3,5),(7,6),(0,9),
The decision value of route1112: 1	the cost of route: 6	the path of route:(0,8),(2,11),(0,2),
The decision value of route1113: 1	the cost of route: 6	the path of route:(0,8),(7,11),(0,2),
The decision value of route1954: 1	the cost of route: 6	the path of route:(0,8),(10,10),(9,11),(0,2),
The decision value of route1963: 1	the cost of route: 8	the path of route:(0,7),(4,10),(3,11),(0,3),
The decision value of route1981: 1	the cost of route: 10	the path of route:(0,5),(10,7),(9,8),(1,11),(0,3),

The avg target number per drone = 2
The max drones num at same time = 12

the root columns solution: 
The cost = 90
The routes:
The decision value of route --: 1	the cost of route: 6	the path of route:(0,8),(6,11),(0,2),
The decision value of route --: 1	the cost of route: 6	the path of route:(0,8),(7,11),(0,2),
The decision value of route --: 1	the cost of route: 4	the path of route:(0,9),(8,11),(0,1),
The decision value of route --: 1	the cost of route: 4	the path of route:(0,9),(10,11),(0,1),
The decision value of route --: 1	the cost of route: 8	the path of route:(0,1),(5,3),(2,4),(1,5),(2,6),(5,7),(0,9),
The decision value of route --: 1	the cost of route: 6	the path of route:(0,2),(6,5),(0,8),
The decision value of route --: 1	the cost of route: 7	the path of route:(0,0),(10,2),(9,3),(10,4),(8,5),(0,7),
The decision value of route --: 1	the cost of route: 4	the path of route:(0,9),(5,11),(0,1),
The decision value of route --: 1	the cost of route: 9	the path of route:(0,0),(4,3),(7,4),(3,5),(4,6),(0,9),
The decision value of route --: 1	the cost of route: 6	the path of route:(0,8),(4,11),(0,2),
The decision value of route --: 1	the cost of route: 8	the path of route:(0,7),(7,10),(3,11),(0,3),
The decision value of route --: 1	the cost of route: 6	the path of route:(0,8),(10,10),(9,11),(0,2),
The decision value of route --: 1	the cost of route: 6	the path of route:(0,8),(5,10),(2,11),(0,2),
The decision value of route --: 1	the cost of route: 10	the path of route:(0,5),(10,7),(9,8),(1,11),(0,3),

The avg target number per drone = 2.07143
The max drones num at same time = 12

the reduced cost solution: 
The cost = 1.22589e-311
The routes:

The avg target number per drone = -nan(ind)
The max drones num at same time = 0

the last bp solution: 
The cost = 6.95303e-310
The routes:

The avg target number per drone = -nan(ind)
The max drones num at same time = 0

**********The result of Branch and Price**********
**********The result of Branch and Price**********
**********The result of Branch and Price**********
