cg end!
The columns size of CG = 1896
begin to obtain upper bound by heuristic method
begin to solve solve_UB_using_IPsolver
begin to solve integer program
CPXPARAM_TimeLimit                               1800
CPXPARAM_Threads                                 8
Found incumbent of value 193.000000 after 0.00 sec. (0.23 ticks)
Tried aggregator 2 times.
MIP Presolve eliminated 82 rows and 1924 columns.
Aggregator did 1 substitutions.
Reduced MIP has 49 rows, 229 columns, and 2604 nonzeros.
Reduced MIP has 229 binaries, 0 generals, 0 SOSs, and 0 indicators.
Presolve time = 0.00 sec. (9.93 ticks)
Probing time = 0.00 sec. (0.11 ticks)
Tried aggregator 1 time.
MIP Presolve eliminated 0 rows and 1 columns.
Reduced MIP has 49 rows, 228 columns, and 2596 nonzeros.
Reduced MIP has 228 binaries, 0 generals, 0 SOSs, and 0 indicators.
Presolve time = 0.00 sec. (1.70 ticks)
Probing time = 0.00 sec. (0.11 ticks)
Clique table members: 1.
MIP emphasis: balance optimality and feasibility.
MIP search method: dynamic search.
Parallel mode: deterministic, using up to 8 threads.
Root relaxation solution time = 0.00 sec. (0.52 ticks)

        Nodes                                         Cuts/
   Node  Left     Objective  IInf  Best Integer    Best Bound    ItCnt     Gap

*     0+    0                          193.0000       12.0000            93.78%
*     0+    0                          107.0000       12.0000            88.79%
      0     0      101.8000    12      107.0000      101.8000       55    4.86%
*     0+    0                          104.0000      101.8000             2.12%
      0     0      102.4167    15      104.0000       Cuts: 4       60    1.52%
*     0     0      integral     0      103.0000       Cuts: 5       65    0.00%
      0     0        cutoff            103.0000      103.0000       65    0.00%
Elapsed time = 0.02 sec. (16.22 ticks, tree = 0.01 MB, solutions = 3)

Zero-half cuts applied:  3
Gomory fractional cuts applied:  4

Root node processing (before b&c):
  Real time             =    0.02 sec. (16.34 ticks)
Parallel b&c, 8 threads:
  Real time             =    0.00 sec. (0.00 ticks)
  Sync time (average)   =    0.00 sec.
  Wait time (average)   =    0.00 sec.
                          ------------
Total (root+branch&cut) =    0.02 sec. (16.34 ticks)
Congratulate!! find an integer solution!!
begin to enumerate routes
max_sub_enumerate_time: 0.001
route_size: 90
The time of Route Enumerate = 0.09
The columns size of Route Enumerate = 90
***********The information of result from CG algorithm**********
***********The information of result from CG algorithm**********
***********The information of result from CG algorithm**********
The time running CG = 0.274
The iter number  = 54
The information of optimal solution:
The cost = 101.8
The routes:
The decision value of route8: 0.2	the cost of route: 8	the path of route:(0,0),(1,2),(3,4),(1,6),(0,8),
The decision value of route9: 0.4	the cost of route: 8	the path of route:(0,0),(1,2),(9,4),(1,6),(0,8),
The decision value of route10: 0.2	the cost of route: 8	the path of route:(0,0),(1,2),(10,4),(1,6),(0,8),
The decision value of route29: 0.2	the cost of route: 10	the path of route:(0,0),(1,2),(3,4),(9,6),(1,8),(0,10),
The decision value of route139: 1	the cost of route: 8	the path of route:(0,0),(2,2),(4,5),(0,8),
The decision value of route152: 0.2	the cost of route: 10	the path of route:(0,3),(1,5),(3,7),(9,9),(1,11),(0,1),
The decision value of route182: 0.8	the cost of route: 7	the path of route:(0,1),(1,3),(10,5),(0,8),
The decision value of route326: 1	the cost of route: 10	the path of route:(0,3),(2,5),(6,7),(5,9),(6,11),(0,1),
The decision value of route584: 1	the cost of route: 8	the path of route:(0,6),(2,8),(4,11),(0,2),
The decision value of route637: 1	the cost of route: 6	the path of route:(0,8),(5,11),(0,2),
The decision value of route685: 0.8	the cost of route: 6	the path of route:(0,8),(7,11),(0,2),
The decision value of route698: 1	the cost of route: 6	the path of route:(0,8),(3,11),(0,2),
The decision value of route705: 1	the cost of route: 4	the path of route:(0,9),(2,11),(0,1),
The decision value of route706: 0.8	the cost of route: 4	the path of route:(0,9),(1,11),(0,1),
The decision value of route737: 1	the cost of route: 8	the path of route:(0,0),(5,3),(8,5),(0,8),
The decision value of route837: 1	the cost of route: 6	the path of route:(0,8),(8,11),(0,2),
The decision value of route884: 1	the cost of route: 6	the path of route:(0,8),(10,11),(0,2),
The decision value of route1248: 0.6	the cost of route: 10	the path of route:(0,0),(3,3),(9,5),(3,7),(0,10),
The decision value of route1284: 0.2	the cost of route: 9	the path of route:(0,6),(3,9),(9,11),(0,3),
The decision value of route1882: 0.2	the cost of route: 8	the path of route:(0,6),(10,9),(7,11),(0,2),
The decision value of route1894: 0.8	the cost of route: 8	the path of route:(0,7),(1,9),(9,11),(0,3),

The avg target number per drone = 2.14286
The max drones num at same time = 13.6

1e+08	101.8	99.9999	lower
ip solution: 103
103	101.8	1.16505	upper
begin to perform path enumeration
rVal: 1.2; route_vec size: 90
begin to solve integer program
CPXPARAM_TimeLimit                               1800
CPXPARAM_Threads                                 8
Infeasibility row 'c11':  0 >= 1.
Presolve time = 0.00 sec. (0.04 ticks)

Root node processing (before b&c):
  Real time             =    0.00 sec. (0.08 ticks)
Parallel b&c, 8 threads:
  Real time             =    0.00 sec. (0.00 ticks)
  Sync time (average)   =    0.00 sec.
  Wait time (average)   =    0.00 sec.
                          ------------
Total (root+branch&cut) =    0.00 sec. (0.08 ticks)
cannot find an integer solution!!
**********The result of Branch and Price**********
**********The result of Branch and Price**********
**********The result of Branch and Price**********
the running time of root node = 0.274 s
the running time of subproblem in the root node = 0.176 s, the percentage = 64.2336 %
the running time of Branch and Price = 0.428 s
the running time of cg in the whole tree = 0.274 s, the percentage = 64.0187 %
the running time of subproblem in the whole tree = 0.176 s, the percentage = 64.2336 %
the running time of heuristic_ip_running_time = 0.047 s
the running time of route enumeration = 0.09 s
the running time of reduced cost fixing = 0.09 s
the running time of diving = 4.94066e-323 s
the upper bound = 103
the lower bound = 101.8
the cost of best lp solution = 101.8
the gap = 1.16505 %
the column enumeration columns number = 90 
the columns number = 1896 
the branch number = 0
the branch node number = 1
the branch depth = 1
the gap time during [10, 5, 3, 2, 1] = [0, 0, 0, 0, 0]
the ip solution found and time = (103, 0.421), 

the solution associated with upper bound: 
The cost = 103
The routes:
The decision value of route --: 1	the cost of route: 8	the path of route:(0,7),(1,9),(9,11),(0,3),
The decision value of route --: 1	the cost of route: 8	the path of route:(0,0),(1,2),(3,4),(1,6),(0,8),
The decision value of route --: 1	the cost of route: 9	the path of route:(0,1),(1,3),(9,5),(3,7),(0,10),
The decision value of route --: 1	the cost of route: 10	the path of route:(0,3),(2,5),(6,7),(5,9),(6,11),(0,1),
The decision value of route --: 1	the cost of route: 6	the path of route:(0,8),(7,11),(0,2),
The decision value of route --: 1	the cost of route: 4	the path of route:(0,9),(1,11),(0,1),
The decision value of route --: 1	the cost of route: 8	the path of route:(0,0),(2,2),(4,5),(0,8),
The decision value of route --: 1	the cost of route: 6	the path of route:(0,8),(10,11),(0,2),
The decision value of route --: 1	the cost of route: 6	the path of route:(0,2),(10,5),(0,8),
The decision value of route --: 1	the cost of route: 6	the path of route:(0,8),(3,11),(0,2),
The decision value of route --: 1	the cost of route: 8	the path of route:(0,6),(2,8),(4,11),(0,2),
The decision value of route --: 1	the cost of route: 4	the path of route:(0,9),(2,11),(0,1),
The decision value of route --: 1	the cost of route: 8	the path of route:(0,0),(5,3),(8,5),(0,8),
The decision value of route --: 1	the cost of route: 6	the path of route:(0,8),(8,11),(0,2),
The decision value of route --: 1	the cost of route: 6	the path of route:(0,8),(5,11),(0,2),

The avg target number per drone = 1.73333
The max drones num at same time = 13

the solution associated with lower bound: 
The cost = 101.8
The routes:
The decision value of route8: 0.2	the cost of route: 8	the path of route:(0,0),(1,2),(3,4),(1,6),(0,8),
The decision value of route9: 0.4	the cost of route: 8	the path of route:(0,0),(1,2),(9,4),(1,6),(0,8),
The decision value of route10: 0.2	the cost of route: 8	the path of route:(0,0),(1,2),(10,4),(1,6),(0,8),
The decision value of route29: 0.2	the cost of route: 10	the path of route:(0,0),(1,2),(3,4),(9,6),(1,8),(0,10),
The decision value of route139: 1	the cost of route: 8	the path of route:(0,0),(2,2),(4,5),(0,8),
The decision value of route152: 0.2	the cost of route: 10	the path of route:(0,3),(1,5),(3,7),(9,9),(1,11),(0,1),
The decision value of route182: 0.8	the cost of route: 7	the path of route:(0,1),(1,3),(10,5),(0,8),
The decision value of route326: 1	the cost of route: 10	the path of route:(0,3),(2,5),(6,7),(5,9),(6,11),(0,1),
The decision value of route584: 1	the cost of route: 8	the path of route:(0,6),(2,8),(4,11),(0,2),
The decision value of route637: 1	the cost of route: 6	the path of route:(0,8),(5,11),(0,2),
The decision value of route685: 0.8	the cost of route: 6	the path of route:(0,8),(7,11),(0,2),
The decision value of route698: 1	the cost of route: 6	the path of route:(0,8),(3,11),(0,2),
The decision value of route705: 1	the cost of route: 4	the path of route:(0,9),(2,11),(0,1),
The decision value of route706: 0.8	the cost of route: 4	the path of route:(0,9),(1,11),(0,1),
The decision value of route737: 1	the cost of route: 8	the path of route:(0,0),(5,3),(8,5),(0,8),
The decision value of route837: 1	the cost of route: 6	the path of route:(0,8),(8,11),(0,2),
The decision value of route884: 1	the cost of route: 6	the path of route:(0,8),(10,11),(0,2),
The decision value of route1248: 0.6	the cost of route: 10	the path of route:(0,0),(3,3),(9,5),(3,7),(0,10),
The decision value of route1284: 0.2	the cost of route: 9	the path of route:(0,6),(3,9),(9,11),(0,3),
The decision value of route1882: 0.2	the cost of route: 8	the path of route:(0,6),(10,9),(7,11),(0,2),
The decision value of route1894: 0.8	the cost of route: 8	the path of route:(0,7),(1,9),(9,11),(0,3),

The avg target number per drone = 2.14286
The max drones num at same time = 13.6

the best lp solution: 
The cost = 101.8
The routes:
The decision value of route8: 0.2	the cost of route: 8	the path of route:(0,0),(1,2),(3,4),(1,6),(0,8),
The decision value of route9: 0.4	the cost of route: 8	the path of route:(0,0),(1,2),(9,4),(1,6),(0,8),
The decision value of route10: 0.2	the cost of route: 8	the path of route:(0,0),(1,2),(10,4),(1,6),(0,8),
The decision value of route29: 0.2	the cost of route: 10	the path of route:(0,0),(1,2),(3,4),(9,6),(1,8),(0,10),
The decision value of route139: 1	the cost of route: 8	the path of route:(0,0),(2,2),(4,5),(0,8),
The decision value of route152: 0.2	the cost of route: 10	the path of route:(0,3),(1,5),(3,7),(9,9),(1,11),(0,1),
The decision value of route182: 0.8	the cost of route: 7	the path of route:(0,1),(1,3),(10,5),(0,8),
The decision value of route326: 1	the cost of route: 10	the path of route:(0,3),(2,5),(6,7),(5,9),(6,11),(0,1),
The decision value of route584: 1	the cost of route: 8	the path of route:(0,6),(2,8),(4,11),(0,2),
The decision value of route637: 1	the cost of route: 6	the path of route:(0,8),(5,11),(0,2),
The decision value of route685: 0.8	the cost of route: 6	the path of route:(0,8),(7,11),(0,2),
The decision value of route698: 1	the cost of route: 6	the path of route:(0,8),(3,11),(0,2),
The decision value of route705: 1	the cost of route: 4	the path of route:(0,9),(2,11),(0,1),
The decision value of route706: 0.8	the cost of route: 4	the path of route:(0,9),(1,11),(0,1),
The decision value of route737: 1	the cost of route: 8	the path of route:(0,0),(5,3),(8,5),(0,8),
The decision value of route837: 1	the cost of route: 6	the path of route:(0,8),(8,11),(0,2),
The decision value of route884: 1	the cost of route: 6	the path of route:(0,8),(10,11),(0,2),
The decision value of route1248: 0.6	the cost of route: 10	the path of route:(0,0),(3,3),(9,5),(3,7),(0,10),
The decision value of route1284: 0.2	the cost of route: 9	the path of route:(0,6),(3,9),(9,11),(0,3),
The decision value of route1882: 0.2	the cost of route: 8	the path of route:(0,6),(10,9),(7,11),(0,2),
The decision value of route1894: 0.8	the cost of route: 8	the path of route:(0,7),(1,9),(9,11),(0,3),

The avg target number per drone = 2.14286
The max drones num at same time = 13.6

the root columns solution: 
The cost = 103
The routes:
The decision value of route --: 1	the cost of route: 8	the path of route:(0,7),(1,9),(9,11),(0,3),
The decision value of route --: 1	the cost of route: 8	the path of route:(0,0),(1,2),(3,4),(1,6),(0,8),
The decision value of route --: 1	the cost of route: 9	the path of route:(0,1),(1,3),(9,5),(3,7),(0,10),
The decision value of route --: 1	the cost of route: 10	the path of route:(0,3),(2,5),(6,7),(5,9),(6,11),(0,1),
The decision value of route --: 1	the cost of route: 6	the path of route:(0,8),(7,11),(0,2),
The decision value of route --: 1	the cost of route: 4	the path of route:(0,9),(1,11),(0,1),
The decision value of route --: 1	the cost of route: 8	the path of route:(0,0),(2,2),(4,5),(0,8),
The decision value of route --: 1	the cost of route: 6	the path of route:(0,8),(10,11),(0,2),
The decision value of route --: 1	the cost of route: 6	the path of route:(0,2),(10,5),(0,8),
The decision value of route --: 1	the cost of route: 6	the path of route:(0,8),(3,11),(0,2),
The decision value of route --: 1	the cost of route: 8	the path of route:(0,6),(2,8),(4,11),(0,2),
The decision value of route --: 1	the cost of route: 4	the path of route:(0,9),(2,11),(0,1),
The decision value of route --: 1	the cost of route: 8	the path of route:(0,0),(5,3),(8,5),(0,8),
The decision value of route --: 1	the cost of route: 6	the path of route:(0,8),(8,11),(0,2),
The decision value of route --: 1	the cost of route: 6	the path of route:(0,8),(5,11),(0,2),

The avg target number per drone = 1.73333
The max drones num at same time = 13

the reduced cost solution: 
The cost = 7.78069e-312
The routes:

The avg target number per drone = -nan(ind)
The max drones num at same time = 0

the last bp solution: 
The cost = 6.95303e-310
The routes:

The avg target number per drone = -nan(ind)
The max drones num at same time = 0

**********The result of Branch and Price**********
**********The result of Branch and Price**********
**********The result of Branch and Price**********
