cg end!
The columns size of CG = 1434
begin to obtain upper bound by heuristic method
begin to solve solve_UB_using_IPsolver
begin to solve integer program
CPXPARAM_TimeLimit                               1800
CPXPARAM_Threads                                 8
Found incumbent of value 130.000000 after 0.00 sec. (0.21 ticks)
Tried aggregator 2 times.
MIP Presolve eliminated 95 rows and 1557 columns.
Aggregator did 1 substitutions.
Reduced MIP has 36 rows, 158 columns, and 1855 nonzeros.
Reduced MIP has 158 binaries, 0 generals, 0 SOSs, and 0 indicators.
Presolve time = 0.00 sec. (8.58 ticks)
Probing time = 0.00 sec. (0.07 ticks)
Tried aggregator 1 time.
MIP Presolve eliminated 0 rows and 1 columns.
Reduced MIP has 36 rows, 157 columns, and 1848 nonzeros.
Reduced MIP has 157 binaries, 0 generals, 0 SOSs, and 0 indicators.
Presolve time = 0.00 sec. (1.04 ticks)
Probing time = 0.00 sec. (0.07 ticks)
MIP emphasis: balance optimality and feasibility.
MIP search method: dynamic search.
Parallel mode: deterministic, using up to 8 threads.
Root relaxation solution time = 0.00 sec. (0.26 ticks)

        Nodes                                         Cuts/
   Node  Left     Objective  IInf  Best Integer    Best Bound    ItCnt     Gap

*     0+    0                          130.0000        8.0000            93.85%
*     0+    0                           87.0000        8.0000            90.80%
      0     0       82.0000     5       87.0000       82.0000       31    5.75%
*     0+    0                           83.0000       82.0000             1.20%
*     0     0      integral     0       82.0000       82.0000       32    0.00%
Elapsed time = 0.00 sec. (11.47 ticks, tree = 0.01 MB, solutions = 3)

Root node processing (before b&c):
  Real time             =    0.02 sec. (11.56 ticks)
Parallel b&c, 8 threads:
  Real time             =    0.00 sec. (0.00 ticks)
  Sync time (average)   =    0.00 sec.
  Wait time (average)   =    0.00 sec.
                          ------------
Total (root+branch&cut) =    0.02 sec. (11.56 ticks)
Congratulate!! find an integer solution!!
***********The information of result from CG algorithm**********
***********The information of result from CG algorithm**********
***********The information of result from CG algorithm**********
The time running CG = 0.54
The iter number  = 79
The information of optimal solution:
The cost = 82
The routes:
The decision value of route127: 0.5	the cost of route: 10	the path of route:(0,0),(2,2),(9,5),(1,8),(0,10),
The decision value of route152: 1	the cost of route: 4	the path of route:(0,9),(2,11),(0,1),
The decision value of route202: 1	the cost of route: 4	the path of route:(0,9),(3,11),(0,1),
The decision value of route251: 1	the cost of route: 6	the path of route:(0,8),(4,11),(0,2),
The decision value of route301: 1	the cost of route: 6	the path of route:(0,8),(5,11),(0,2),
The decision value of route351: 1	the cost of route: 6	the path of route:(0,8),(6,11),(0,2),
The decision value of route358: 0.5	the cost of route: 6	the path of route:(0,0),(2,2),(1,4),(0,6),
The decision value of route741: 1	the cost of route: 6	the path of route:(0,1),(3,3),(2,5),(0,7),
The decision value of route747: 1	the cost of route: 4	the path of route:(0,9),(1,11),(0,1),
The decision value of route751: 1	the cost of route: 8	the path of route:(0,7),(3,9),(7,11),(0,3),
The decision value of route807: 1	the cost of route: 8	the path of route:(0,7),(8,11),(0,3),
The decision value of route962: 0.5	the cost of route: 10	the path of route:(0,0),(1,2),(9,5),(1,8),(0,10),
The decision value of route1201: 1	the cost of route: 9	the path of route:(0,6),(2,8),(9,11),(0,3),
The decision value of route1265: 1	the cost of route: 8	the path of route:(0,7),(10,11),(0,3),

The avg target number per drone = 1.57143
The max drones num at same time = 11.5

1e+08	82	99.9999	lower
ip solution: 82
82	82	0	upper
already find the best integer solution in the root node! 
 
**********The result of Branch and Price**********
**********The result of Branch and Price**********
**********The result of Branch and Price**********
the running time of root node = 0.54 s
the running time of subproblem in the root node = 0.432 s, the percentage = 80 %
the running time of Branch and Price = 5.45994e-313 s
the running time of cg in the whole tree = 0.54 s, the percentage = inf %
the running time of subproblem in the whole tree = 0.432 s, the percentage = 80 %
the running time of heuristic_ip_running_time = 0.032 s
the running time of route enumeration = 0 s
the running time of reduced cost fixing = 0 s
the running time of diving = 5.45994e-313 s
the upper bound = 82
the lower bound = 82
the cost of best lp solution = 82
the gap = 0 %
the column enumeration columns number = 0 
the columns number = 1434 
the branch number = 0
the branch node number = 1
the branch depth = 1
the gap time during [10, 5, 3, 2, 1] = [0, 0, 0, 0, 0]
the ip solution found and time = (82, 0.58), 

the solution associated with upper bound: 
The cost = 82
The routes:
The decision value of route127: 0.5	the cost of route: 10	the path of route:(0,0),(2,2),(9,5),(1,8),(0,10),
The decision value of route152: 1	the cost of route: 4	the path of route:(0,9),(2,11),(0,1),
The decision value of route202: 1	the cost of route: 4	the path of route:(0,9),(3,11),(0,1),
The decision value of route251: 1	the cost of route: 6	the path of route:(0,8),(4,11),(0,2),
The decision value of route301: 1	the cost of route: 6	the path of route:(0,8),(5,11),(0,2),
The decision value of route351: 1	the cost of route: 6	the path of route:(0,8),(6,11),(0,2),
The decision value of route358: 0.5	the cost of route: 6	the path of route:(0,0),(2,2),(1,4),(0,6),
The decision value of route741: 1	the cost of route: 6	the path of route:(0,1),(3,3),(2,5),(0,7),
The decision value of route747: 1	the cost of route: 4	the path of route:(0,9),(1,11),(0,1),
The decision value of route751: 1	the cost of route: 8	the path of route:(0,7),(3,9),(7,11),(0,3),
The decision value of route807: 1	the cost of route: 8	the path of route:(0,7),(8,11),(0,3),
The decision value of route962: 0.5	the cost of route: 10	the path of route:(0,0),(1,2),(9,5),(1,8),(0,10),
The decision value of route1201: 1	the cost of route: 9	the path of route:(0,6),(2,8),(9,11),(0,3),
The decision value of route1265: 1	the cost of route: 8	the path of route:(0,7),(10,11),(0,3),

The avg target number per drone = 1.57143
The max drones num at same time = 11.5

the solution associated with lower bound: 
The cost = 82
The routes:
The decision value of route127: 0.5	the cost of route: 10	the path of route:(0,0),(2,2),(9,5),(1,8),(0,10),
The decision value of route152: 1	the cost of route: 4	the path of route:(0,9),(2,11),(0,1),
The decision value of route202: 1	the cost of route: 4	the path of route:(0,9),(3,11),(0,1),
The decision value of route251: 1	the cost of route: 6	the path of route:(0,8),(4,11),(0,2),
The decision value of route301: 1	the cost of route: 6	the path of route:(0,8),(5,11),(0,2),
The decision value of route351: 1	the cost of route: 6	the path of route:(0,8),(6,11),(0,2),
The decision value of route358: 0.5	the cost of route: 6	the path of route:(0,0),(2,2),(1,4),(0,6),
The decision value of route741: 1	the cost of route: 6	the path of route:(0,1),(3,3),(2,5),(0,7),
The decision value of route747: 1	the cost of route: 4	the path of route:(0,9),(1,11),(0,1),
The decision value of route751: 1	the cost of route: 8	the path of route:(0,7),(3,9),(7,11),(0,3),
The decision value of route807: 1	the cost of route: 8	the path of route:(0,7),(8,11),(0,3),
The decision value of route962: 0.5	the cost of route: 10	the path of route:(0,0),(1,2),(9,5),(1,8),(0,10),
The decision value of route1201: 1	the cost of route: 9	the path of route:(0,6),(2,8),(9,11),(0,3),
The decision value of route1265: 1	the cost of route: 8	the path of route:(0,7),(10,11),(0,3),

The avg target number per drone = 1.57143
The max drones num at same time = 11.5

the best lp solution: 
The cost = 82
The routes:
The decision value of route127: 0.5	the cost of route: 10	the path of route:(0,0),(2,2),(9,5),(1,8),(0,10),
The decision value of route152: 1	the cost of route: 4	the path of route:(0,9),(2,11),(0,1),
The decision value of route202: 1	the cost of route: 4	the path of route:(0,9),(3,11),(0,1),
The decision value of route251: 1	the cost of route: 6	the path of route:(0,8),(4,11),(0,2),
The decision value of route301: 1	the cost of route: 6	the path of route:(0,8),(5,11),(0,2),
The decision value of route351: 1	the cost of route: 6	the path of route:(0,8),(6,11),(0,2),
The decision value of route358: 0.5	the cost of route: 6	the path of route:(0,0),(2,2),(1,4),(0,6),
The decision value of route741: 1	the cost of route: 6	the path of route:(0,1),(3,3),(2,5),(0,7),
The decision value of route747: 1	the cost of route: 4	the path of route:(0,9),(1,11),(0,1),
The decision value of route751: 1	the cost of route: 8	the path of route:(0,7),(3,9),(7,11),(0,3),
The decision value of route807: 1	the cost of route: 8	the path of route:(0,7),(8,11),(0,3),
The decision value of route962: 0.5	the cost of route: 10	the path of route:(0,0),(1,2),(9,5),(1,8),(0,10),
The decision value of route1201: 1	the cost of route: 9	the path of route:(0,6),(2,8),(9,11),(0,3),
The decision value of route1265: 1	the cost of route: 8	the path of route:(0,7),(10,11),(0,3),

The avg target number per drone = 1.57143
The max drones num at same time = 11.5

the root columns solution: 
The cost = 82
The routes:
The decision value of route --: 1	the cost of route: 4	the path of route:(0,9),(1,11),(0,1),
The decision value of route --: 1	the cost of route: 4	the path of route:(0,9),(2,11),(0,1),
The decision value of route --: 1	the cost of route: 4	the path of route:(0,9),(3,11),(0,1),
The decision value of route --: 1	the cost of route: 6	the path of route:(0,8),(6,11),(0,2),
The decision value of route --: 1	the cost of route: 8	the path of route:(0,7),(10,11),(0,3),
The decision value of route --: 1	the cost of route: 9	the path of route:(0,0),(2,2),(9,5),(0,9),
The decision value of route --: 1	the cost of route: 4	the path of route:(0,3),(1,5),(0,7),
The decision value of route --: 1	the cost of route: 6	the path of route:(0,8),(5,11),(0,2),
The decision value of route --: 1	the cost of route: 6	the path of route:(0,8),(4,11),(0,2),
The decision value of route --: 1	the cost of route: 6	the path of route:(0,1),(3,3),(2,5),(0,7),
The decision value of route --: 1	the cost of route: 8	the path of route:(0,7),(3,9),(7,11),(0,3),
The decision value of route --: 1	the cost of route: 8	the path of route:(0,7),(8,11),(0,3),
The decision value of route --: 1	the cost of route: 9	the path of route:(0,6),(2,8),(9,11),(0,3),

The avg target number per drone = 1.30769
The max drones num at same time = 11

the reduced cost solution: 
The cost = 8.32291e-312
The routes:

The avg target number per drone = -nan(ind)
The max drones num at same time = 0

the last bp solution: 
The cost = 6.95328e-310
The routes:

The avg target number per drone = -nan(ind)
The max drones num at same time = 0

**********The result of Branch and Price**********
**********The result of Branch and Price**********
**********The result of Branch and Price**********
