cg end!
The columns size of CG = 1404
begin to obtain upper bound by heuristic method
begin to solve solve_UB_using_IPsolver
begin to solve integer program
CPXPARAM_TimeLimit                               1800
CPXPARAM_Threads                                 8
Found incumbent of value 134.000000 after 0.00 sec. (0.19 ticks)
Tried aggregator 2 times.
MIP Presolve eliminated 126 rows and 1522 columns.
Aggregator did 6 substitutions.
All rows and columns eliminated.
Presolve time = 0.00 sec. (7.30 ticks)

Root node processing (before b&c):
  Real time             =    0.00 sec. (7.55 ticks)
Parallel b&c, 8 threads:
  Real time             =    0.00 sec. (0.00 ticks)
  Sync time (average)   =    0.00 sec.
  Wait time (average)   =    0.00 sec.
                          ------------
Total (root+branch&cut) =    0.00 sec. (7.55 ticks)
Congratulate!! find an integer solution!!
***********The information of result from CG algorithm**********
***********The information of result from CG algorithm**********
***********The information of result from CG algorithm**********
The time running CG = 0.315
The iter number  = 51
The information of optimal solution:
The cost = 78
The routes:
The decision value of route5: 1	the cost of route: 4	the path of route:(0,9),(1,11),(0,1),
The decision value of route88: 1	the cost of route: 8	the path of route:(0,1),(3,3),(7,5),(0,9),
The decision value of route277: 1	the cost of route: 8	the path of route:(0,1),(8,5),(0,9),
The decision value of route1341: 1	the cost of route: 8	the path of route:(0,7),(8,11),(0,3),
The decision value of route1344: 1	the cost of route: 8	the path of route:(0,7),(10,11),(0,3),
The decision value of route1386: 1	the cost of route: 4	the path of route:(0,9),(3,11),(0,1),
The decision value of route1392: 1	the cost of route: 8	the path of route:(0,7),(9,11),(0,3),
The decision value of route1393: 1	the cost of route: 4	the path of route:(0,9),(2,11),(0,1),
The decision value of route1395: 1	the cost of route: 8	the path of route:(0,7),(7,11),(0,3),
The decision value of route1397: 1	the cost of route: 6	the path of route:(0,8),(6,11),(0,2),
The decision value of route1398: 1	the cost of route: 6	the path of route:(0,8),(5,11),(0,2),
The decision value of route1400: 1	the cost of route: 6	the path of route:(0,8),(4,11),(0,2),

The avg target number per drone = 1.08333
The max drones num at same time = 10

1e+08	78	99.9999	lower
ip solution: 78
78	78	0	upper
already find the best integer solution in the root node! 
 
**********The result of Branch and Price**********
**********The result of Branch and Price**********
**********The result of Branch and Price**********
the running time of root node = 0.315 s
the running time of subproblem in the root node = 0.243 s, the percentage = 77.1429 %
the running time of Branch and Price = 3.03581e-312 s
the running time of cg in the whole tree = 0.315 s, the percentage = inf %
the running time of subproblem in the whole tree = 0.243 s, the percentage = 77.1429 %
the running time of heuristic_ip_running_time = 0.02 s
the running time of route enumeration = 0 s
the running time of reduced cost fixing = 0 s
the running time of diving = 3.03581e-312 s
the upper bound = 78
the lower bound = 78
the cost of best lp solution = 78
the gap = 0 %
the column enumeration columns number = 0 
the columns number = 1404 
the branch number = 0
the branch node number = 1
the branch depth = 1
the gap time during [10, 5, 3, 2, 1] = [0, 0, 0, 0, 0]
the ip solution found and time = (78, 0.341), 

the solution associated with upper bound: 
The cost = 78
The routes:
The decision value of route5: 1	the cost of route: 4	the path of route:(0,9),(1,11),(0,1),
The decision value of route88: 1	the cost of route: 8	the path of route:(0,1),(3,3),(7,5),(0,9),
The decision value of route277: 1	the cost of route: 8	the path of route:(0,1),(8,5),(0,9),
The decision value of route1341: 1	the cost of route: 8	the path of route:(0,7),(8,11),(0,3),
The decision value of route1344: 1	the cost of route: 8	the path of route:(0,7),(10,11),(0,3),
The decision value of route1386: 1	the cost of route: 4	the path of route:(0,9),(3,11),(0,1),
The decision value of route1392: 1	the cost of route: 8	the path of route:(0,7),(9,11),(0,3),
The decision value of route1393: 1	the cost of route: 4	the path of route:(0,9),(2,11),(0,1),
The decision value of route1395: 1	the cost of route: 8	the path of route:(0,7),(7,11),(0,3),
The decision value of route1397: 1	the cost of route: 6	the path of route:(0,8),(6,11),(0,2),
The decision value of route1398: 1	the cost of route: 6	the path of route:(0,8),(5,11),(0,2),
The decision value of route1400: 1	the cost of route: 6	the path of route:(0,8),(4,11),(0,2),

The avg target number per drone = 1.08333
The max drones num at same time = 10

the solution associated with lower bound: 
The cost = 78
The routes:
The decision value of route5: 1	the cost of route: 4	the path of route:(0,9),(1,11),(0,1),
The decision value of route88: 1	the cost of route: 8	the path of route:(0,1),(3,3),(7,5),(0,9),
The decision value of route277: 1	the cost of route: 8	the path of route:(0,1),(8,5),(0,9),
The decision value of route1341: 1	the cost of route: 8	the path of route:(0,7),(8,11),(0,3),
The decision value of route1344: 1	the cost of route: 8	the path of route:(0,7),(10,11),(0,3),
The decision value of route1386: 1	the cost of route: 4	the path of route:(0,9),(3,11),(0,1),
The decision value of route1392: 1	the cost of route: 8	the path of route:(0,7),(9,11),(0,3),
The decision value of route1393: 1	the cost of route: 4	the path of route:(0,9),(2,11),(0,1),
The decision value of route1395: 1	the cost of route: 8	the path of route:(0,7),(7,11),(0,3),
The decision value of route1397: 1	the cost of route: 6	the path of route:(0,8),(6,11),(0,2),
The decision value of route1398: 1	the cost of route: 6	the path of route:(0,8),(5,11),(0,2),
The decision value of route1400: 1	the cost of route: 6	the path of route:(0,8),(4,11),(0,2),

The avg target number per drone = 1.08333
The max drones num at same time = 10

the best lp solution: 
The cost = 78
The routes:
The decision value of route5: 1	the cost of route: 4	the path of route:(0,9),(1,11),(0,1),
The decision value of route88: 1	the cost of route: 8	the path of route:(0,1),(3,3),(7,5),(0,9),
The decision value of route277: 1	the cost of route: 8	the path of route:(0,1),(8,5),(0,9),
The decision value of route1341: 1	the cost of route: 8	the path of route:(0,7),(8,11),(0,3),
The decision value of route1344: 1	the cost of route: 8	the path of route:(0,7),(10,11),(0,3),
The decision value of route1386: 1	the cost of route: 4	the path of route:(0,9),(3,11),(0,1),
The decision value of route1392: 1	the cost of route: 8	the path of route:(0,7),(9,11),(0,3),
The decision value of route1393: 1	the cost of route: 4	the path of route:(0,9),(2,11),(0,1),
The decision value of route1395: 1	the cost of route: 8	the path of route:(0,7),(7,11),(0,3),
The decision value of route1397: 1	the cost of route: 6	the path of route:(0,8),(6,11),(0,2),
The decision value of route1398: 1	the cost of route: 6	the path of route:(0,8),(5,11),(0,2),
The decision value of route1400: 1	the cost of route: 6	the path of route:(0,8),(4,11),(0,2),

The avg target number per drone = 1.08333
The max drones num at same time = 10

the root columns solution: 
The cost = 78
The routes:
The decision value of route --: 1	the cost of route: 6	the path of route:(0,8),(4,11),(0,2),
The decision value of route --: 1	the cost of route: 4	the path of route:(0,9),(3,11),(0,1),
The decision value of route --: 1	the cost of route: 8	the path of route:(0,7),(10,11),(0,3),
The decision value of route --: 1	the cost of route: 8	the path of route:(0,7),(9,11),(0,3),
The decision value of route --: 1	the cost of route: 4	the path of route:(0,9),(1,11),(0,1),
The decision value of route --: 1	the cost of route: 8	the path of route:(0,1),(8,5),(0,9),
The decision value of route --: 1	the cost of route: 8	the path of route:(0,1),(7,5),(0,9),
The decision value of route --: 1	the cost of route: 8	the path of route:(0,7),(8,11),(0,3),
The decision value of route --: 1	the cost of route: 4	the path of route:(0,9),(2,11),(0,1),
The decision value of route --: 1	the cost of route: 8	the path of route:(0,7),(7,11),(0,3),
The decision value of route --: 1	the cost of route: 6	the path of route:(0,8),(6,11),(0,2),
The decision value of route --: 1	the cost of route: 6	the path of route:(0,8),(5,11),(0,2),

The avg target number per drone = 1
The max drones num at same time = 10

the reduced cost solution: 
The cost = 1.05055e-311
The routes:

The avg target number per drone = -nan(ind)
The max drones num at same time = 0

the last bp solution: 
The cost = 6.95328e-310
The routes:

The avg target number per drone = -nan(ind)
The max drones num at same time = 0

**********The result of Branch and Price**********
**********The result of Branch and Price**********
**********The result of Branch and Price**********
