cg end!
The columns size of CG = 1205
begin to obtain upper bound by heuristic method
begin to solve solve_UB_using_IPsolver
begin to solve integer program
CPXPARAM_TimeLimit                               1800
CPXPARAM_Threads                                 8
Found incumbent of value 205.000000 after 0.00 sec. (0.19 ticks)
Tried aggregator 1 time.
MIP Presolve eliminated 83 rows and 1191 columns.
Reduced MIP has 49 rows, 471 columns, and 6446 nonzeros.
Reduced MIP has 471 binaries, 0 generals, 0 SOSs, and 0 indicators.
Presolve time = 0.02 sec. (10.44 ticks)
Probing time = 0.00 sec. (0.23 ticks)
Tried aggregator 1 time.
Reduced MIP has 49 rows, 471 columns, and 6446 nonzeros.
Reduced MIP has 471 binaries, 0 generals, 0 SOSs, and 0 indicators.
Presolve time = 0.00 sec. (3.81 ticks)
Probing time = 0.00 sec. (0.23 ticks)
Clique table members: 1.
MIP emphasis: balance optimality and feasibility.
MIP search method: dynamic search.
Parallel mode: deterministic, using up to 8 threads.
Root relaxation solution time = 0.00 sec. (1.55 ticks)

        Nodes                                         Cuts/
   Node  Left     Objective  IInf  Best Integer    Best Bound    ItCnt     Gap

*     0+    0                          205.0000        0.0000           100.00%
*     0+    0                          104.0000        0.0000           100.00%
      0     0       98.5000     9      104.0000       98.5000       87    5.29%
*     0+    0                          100.0000       98.5000             1.50%
      0     0       99.0000    10      100.0000       Cuts: 6       95    1.00%
      0     0       99.0000    23      100.0000       Cuts: 5      104    1.00%
*     0+    0                           99.0000       99.0000             0.00%
      0     0        cutoff             99.0000       99.0000      104    0.00%
Elapsed time = 0.05 sec. (26.25 ticks, tree = 0.01 MB, solutions = 3)

Zero-half cuts applied:  1
Gomory fractional cuts applied:  2

Root node processing (before b&c):
  Real time             =    0.05 sec. (26.33 ticks)
Parallel b&c, 8 threads:
  Real time             =    0.00 sec. (0.00 ticks)
  Sync time (average)   =    0.00 sec.
  Wait time (average)   =    0.00 sec.
                          ------------
Total (root+branch&cut) =    0.05 sec. (26.33 ticks)
Congratulate!! find an integer solution!!
begin to enumerate routes
max_sub_enumerate_time: 0.003
route_size: 145
The time of Route Enumerate = 0.142
The columns size of Route Enumerate = 145
***********The information of result from CG algorithm**********
***********The information of result from CG algorithm**********
***********The information of result from CG algorithm**********
The time running CG = 0.383
The iter number  = 46
The information of optimal solution:
The cost = 98.5
The routes:
The decision value of route2: 0.642857	the cost of route: 6	the path of route:(0,0),(1,2),(2,4),(0,6),
The decision value of route15: 0.357143	the cost of route: 8	the path of route:(0,0),(1,2),(5,4),(1,6),(0,8),
The decision value of route71: 0.285714	the cost of route: 8	the path of route:(0,1),(1,3),(6,5),(1,7),(0,9),
The decision value of route129: 0.0714286	the cost of route: 7	the path of route:(0,1),(1,3),(5,5),(0,8),
The decision value of route151: 0.357143	the cost of route: 6	the path of route:(0,0),(2,2),(1,4),(0,6),
The decision value of route172: 0.642857	the cost of route: 6	the path of route:(0,0),(2,2),(3,4),(0,6),
The decision value of route254: 1	the cost of route: 4	the path of route:(0,9),(3,11),(0,1),
The decision value of route310: 0.285714	the cost of route: 7	the path of route:(0,0),(3,2),(1,5),(0,7),
The decision value of route486: 0.357143	the cost of route: 8	the path of route:(0,0),(3,2),(7,4),(2,6),(0,8),
The decision value of route527: 0.285714	the cost of route: 8	the path of route:(0,0),(3,2),(7,4),(3,6),(0,8),
The decision value of route602: 1	the cost of route: 6	the path of route:(0,8),(4,11),(0,2),
The decision value of route638: 0.0714286	the cost of route: 8	the path of route:(0,0),(3,2),(5,4),(3,6),(0,8),
The decision value of route771: 0.428571	the cost of route: 8	the path of route:(0,0),(5,3),(6,5),(0,8),
The decision value of route812: 0.285714	the cost of route: 8	the path of route:(0,1),(3,3),(6,5),(2,7),(0,9),
The decision value of route817: 0.0714286	the cost of route: 8	the path of route:(0,1),(3,3),(5,5),(1,7),(0,9),
The decision value of route826: 1	the cost of route: 4	the path of route:(0,9),(2,11),(0,1),
The decision value of route871: 1	the cost of route: 6	the path of route:(0,8),(6,11),(0,2),
The decision value of route894: 1	the cost of route: 4	the path of route:(0,9),(1,11),(0,1),
The decision value of route948: 0.357143	the cost of route: 8	the path of route:(0,1),(2,3),(7,5),(2,7),(0,9),
The decision value of route1152: 1	the cost of route: 8	the path of route:(0,7),(3,9),(7,11),(0,3),
The decision value of route1157: 1	the cost of route: 9	the path of route:(0,6),(1,8),(8,11),(0,3),
The decision value of route1162: 1	the cost of route: 7	the path of route:(0,7),(2,9),(5,11),(0,2),
The decision value of route1165: 0.357143	the cost of route: 8	the path of route:(0,7),(10,11),(0,3),
The decision value of route1170: 0.142857	the cost of route: 8	the path of route:(0,7),(9,11),(0,3),
The decision value of route1190: 0.857143	the cost of route: 9	the path of route:(0,6),(5,9),(9,11),(0,3),
The decision value of route1194: 0.642857	the cost of route: 10	the path of route:(0,5),(3,7),(7,9),(10,11),(0,3),

The avg target number per drone = 2.07692
The max drones num at same time = 13.4286

1e+08	98.5	99.9999	lower
ip solution: 99
99	98.5	0.505051	upper
begin to perform path enumeration
rVal: 0.5; route_vec size: 145
begin to solve integer program
CPXPARAM_TimeLimit                               1800
CPXPARAM_Threads                                 8
Infeasibility row 'c10':  0 >= 1.
Presolve time = 0.00 sec. (0.07 ticks)

Root node processing (before b&c):
  Real time             =    0.00 sec. (0.12 ticks)
Parallel b&c, 8 threads:
  Real time             =    0.00 sec. (0.00 ticks)
  Sync time (average)   =    0.00 sec.
  Wait time (average)   =    0.00 sec.
                          ------------
Total (root+branch&cut) =    0.00 sec. (0.12 ticks)
cannot find an integer solution!!
**********The result of Branch and Price**********
**********The result of Branch and Price**********
**********The result of Branch and Price**********
the running time of root node = 0.383 s
the running time of subproblem in the root node = 0.309 s, the percentage = 80.6789 %
the running time of Branch and Price = 0.612 s
the running time of cg in the whole tree = 0.383 s, the percentage = 62.5817 %
the running time of subproblem in the whole tree = 0.309 s, the percentage = 80.6789 %
the running time of heuristic_ip_running_time = 0.067 s
the running time of route enumeration = 0.142 s
the running time of reduced cost fixing = 0.142 s
the running time of diving = 2.4876e-312 s
the upper bound = 99
the lower bound = 98.5
the cost of best lp solution = 98.5
the gap = 0.505051 %
the column enumeration columns number = 145 
the columns number = 1205 
the branch number = 0
the branch node number = 1
the branch depth = 1
the gap time during [10, 5, 3, 2, 1] = [0, 0, 0, 0, 0.606]
the ip solution found and time = (99, 0.603), 

the solution associated with upper bound: 
The cost = 99
The routes:
The decision value of route --: 1	the cost of route: 6	the path of route:(0,0),(1,2),(2,4),(0,6),
The decision value of route --: 1	the cost of route: 6	the path of route:(0,0),(2,2),(3,4),(0,6),
The decision value of route --: 1	the cost of route: 6	the path of route:(0,8),(4,11),(0,2),
The decision value of route --: 1	the cost of route: 4	the path of route:(0,3),(1,5),(0,7),
The decision value of route --: 1	the cost of route: 8	the path of route:(0,0),(3,2),(7,4),(2,6),(0,8),
The decision value of route --: 1	the cost of route: 4	the path of route:(0,9),(3,11),(0,1),
The decision value of route --: 1	the cost of route: 8	the path of route:(0,0),(6,3),(5,5),(0,8),
The decision value of route --: 1	the cost of route: 4	the path of route:(0,9),(1,11),(0,1),
The decision value of route --: 1	the cost of route: 6	the path of route:(0,8),(6,11),(0,2),
The decision value of route --: 1	the cost of route: 4	the path of route:(0,9),(2,11),(0,1),
The decision value of route --: 1	the cost of route: 8	the path of route:(0,7),(2,9),(7,11),(0,3),
The decision value of route --: 1	the cost of route: 9	the path of route:(0,6),(1,8),(8,11),(0,3),
The decision value of route --: 1	the cost of route: 7	the path of route:(0,7),(3,9),(5,11),(0,2),
The decision value of route --: 1	the cost of route: 9	the path of route:(0,6),(6,9),(9,11),(0,3),
The decision value of route --: 1	the cost of route: 10	the path of route:(0,5),(3,7),(7,9),(10,11),(0,3),

The avg target number per drone = 1.73333
The max drones num at same time = 14

the solution associated with lower bound: 
The cost = 98.5
The routes:
The decision value of route2: 0.642857	the cost of route: 6	the path of route:(0,0),(1,2),(2,4),(0,6),
The decision value of route15: 0.357143	the cost of route: 8	the path of route:(0,0),(1,2),(5,4),(1,6),(0,8),
The decision value of route71: 0.285714	the cost of route: 8	the path of route:(0,1),(1,3),(6,5),(1,7),(0,9),
The decision value of route129: 0.0714286	the cost of route: 7	the path of route:(0,1),(1,3),(5,5),(0,8),
The decision value of route151: 0.357143	the cost of route: 6	the path of route:(0,0),(2,2),(1,4),(0,6),
The decision value of route172: 0.642857	the cost of route: 6	the path of route:(0,0),(2,2),(3,4),(0,6),
The decision value of route254: 1	the cost of route: 4	the path of route:(0,9),(3,11),(0,1),
The decision value of route310: 0.285714	the cost of route: 7	the path of route:(0,0),(3,2),(1,5),(0,7),
The decision value of route486: 0.357143	the cost of route: 8	the path of route:(0,0),(3,2),(7,4),(2,6),(0,8),
The decision value of route527: 0.285714	the cost of route: 8	the path of route:(0,0),(3,2),(7,4),(3,6),(0,8),
The decision value of route602: 1	the cost of route: 6	the path of route:(0,8),(4,11),(0,2),
The decision value of route638: 0.0714286	the cost of route: 8	the path of route:(0,0),(3,2),(5,4),(3,6),(0,8),
The decision value of route771: 0.428571	the cost of route: 8	the path of route:(0,0),(5,3),(6,5),(0,8),
The decision value of route812: 0.285714	the cost of route: 8	the path of route:(0,1),(3,3),(6,5),(2,7),(0,9),
The decision value of route817: 0.0714286	the cost of route: 8	the path of route:(0,1),(3,3),(5,5),(1,7),(0,9),
The decision value of route826: 1	the cost of route: 4	the path of route:(0,9),(2,11),(0,1),
The decision value of route871: 1	the cost of route: 6	the path of route:(0,8),(6,11),(0,2),
The decision value of route894: 1	the cost of route: 4	the path of route:(0,9),(1,11),(0,1),
The decision value of route948: 0.357143	the cost of route: 8	the path of route:(0,1),(2,3),(7,5),(2,7),(0,9),
The decision value of route1152: 1	the cost of route: 8	the path of route:(0,7),(3,9),(7,11),(0,3),
The decision value of route1157: 1	the cost of route: 9	the path of route:(0,6),(1,8),(8,11),(0,3),
The decision value of route1162: 1	the cost of route: 7	the path of route:(0,7),(2,9),(5,11),(0,2),
The decision value of route1165: 0.357143	the cost of route: 8	the path of route:(0,7),(10,11),(0,3),
The decision value of route1170: 0.142857	the cost of route: 8	the path of route:(0,7),(9,11),(0,3),
The decision value of route1190: 0.857143	the cost of route: 9	the path of route:(0,6),(5,9),(9,11),(0,3),
The decision value of route1194: 0.642857	the cost of route: 10	the path of route:(0,5),(3,7),(7,9),(10,11),(0,3),

The avg target number per drone = 2.07692
The max drones num at same time = 13.4286

the best lp solution: 
The cost = 98.5
The routes:
The decision value of route2: 0.642857	the cost of route: 6	the path of route:(0,0),(1,2),(2,4),(0,6),
The decision value of route15: 0.357143	the cost of route: 8	the path of route:(0,0),(1,2),(5,4),(1,6),(0,8),
The decision value of route71: 0.285714	the cost of route: 8	the path of route:(0,1),(1,3),(6,5),(1,7),(0,9),
The decision value of route129: 0.0714286	the cost of route: 7	the path of route:(0,1),(1,3),(5,5),(0,8),
The decision value of route151: 0.357143	the cost of route: 6	the path of route:(0,0),(2,2),(1,4),(0,6),
The decision value of route172: 0.642857	the cost of route: 6	the path of route:(0,0),(2,2),(3,4),(0,6),
The decision value of route254: 1	the cost of route: 4	the path of route:(0,9),(3,11),(0,1),
The decision value of route310: 0.285714	the cost of route: 7	the path of route:(0,0),(3,2),(1,5),(0,7),
The decision value of route486: 0.357143	the cost of route: 8	the path of route:(0,0),(3,2),(7,4),(2,6),(0,8),
The decision value of route527: 0.285714	the cost of route: 8	the path of route:(0,0),(3,2),(7,4),(3,6),(0,8),
The decision value of route602: 1	the cost of route: 6	the path of route:(0,8),(4,11),(0,2),
The decision value of route638: 0.0714286	the cost of route: 8	the path of route:(0,0),(3,2),(5,4),(3,6),(0,8),
The decision value of route771: 0.428571	the cost of route: 8	the path of route:(0,0),(5,3),(6,5),(0,8),
The decision value of route812: 0.285714	the cost of route: 8	the path of route:(0,1),(3,3),(6,5),(2,7),(0,9),
The decision value of route817: 0.0714286	the cost of route: 8	the path of route:(0,1),(3,3),(5,5),(1,7),(0,9),
The decision value of route826: 1	the cost of route: 4	the path of route:(0,9),(2,11),(0,1),
The decision value of route871: 1	the cost of route: 6	the path of route:(0,8),(6,11),(0,2),
The decision value of route894: 1	the cost of route: 4	the path of route:(0,9),(1,11),(0,1),
The decision value of route948: 0.357143	the cost of route: 8	the path of route:(0,1),(2,3),(7,5),(2,7),(0,9),
The decision value of route1152: 1	the cost of route: 8	the path of route:(0,7),(3,9),(7,11),(0,3),
The decision value of route1157: 1	the cost of route: 9	the path of route:(0,6),(1,8),(8,11),(0,3),
The decision value of route1162: 1	the cost of route: 7	the path of route:(0,7),(2,9),(5,11),(0,2),
The decision value of route1165: 0.357143	the cost of route: 8	the path of route:(0,7),(10,11),(0,3),
The decision value of route1170: 0.142857	the cost of route: 8	the path of route:(0,7),(9,11),(0,3),
The decision value of route1190: 0.857143	the cost of route: 9	the path of route:(0,6),(5,9),(9,11),(0,3),
The decision value of route1194: 0.642857	the cost of route: 10	the path of route:(0,5),(3,7),(7,9),(10,11),(0,3),

The avg target number per drone = 2.07692
The max drones num at same time = 13.4286

the root columns solution: 
The cost = 99
The routes:
The decision value of route --: 1	the cost of route: 6	the path of route:(0,0),(1,2),(2,4),(0,6),
The decision value of route --: 1	the cost of route: 6	the path of route:(0,0),(2,2),(3,4),(0,6),
The decision value of route --: 1	the cost of route: 6	the path of route:(0,8),(4,11),(0,2),
The decision value of route --: 1	the cost of route: 4	the path of route:(0,3),(1,5),(0,7),
The decision value of route --: 1	the cost of route: 8	the path of route:(0,0),(3,2),(7,4),(2,6),(0,8),
The decision value of route --: 1	the cost of route: 4	the path of route:(0,9),(3,11),(0,1),
The decision value of route --: 1	the cost of route: 8	the path of route:(0,0),(6,3),(5,5),(0,8),
The decision value of route --: 1	the cost of route: 4	the path of route:(0,9),(1,11),(0,1),
The decision value of route --: 1	the cost of route: 6	the path of route:(0,8),(6,11),(0,2),
The decision value of route --: 1	the cost of route: 4	the path of route:(0,9),(2,11),(0,1),
The decision value of route --: 1	the cost of route: 8	the path of route:(0,7),(2,9),(7,11),(0,3),
The decision value of route --: 1	the cost of route: 9	the path of route:(0,6),(1,8),(8,11),(0,3),
The decision value of route --: 1	the cost of route: 7	the path of route:(0,7),(3,9),(5,11),(0,2),
The decision value of route --: 1	the cost of route: 9	the path of route:(0,6),(6,9),(9,11),(0,3),
The decision value of route --: 1	the cost of route: 10	the path of route:(0,5),(3,7),(7,9),(10,11),(0,3),

The avg target number per drone = 1.73333
The max drones num at same time = 14

the reduced cost solution: 
The cost = 1.09251e-311
The routes:

The avg target number per drone = -nan(ind)
The max drones num at same time = 0

the last bp solution: 
The cost = 6.95328e-310
The routes:

The avg target number per drone = -nan(ind)
The max drones num at same time = 0

**********The result of Branch and Price**********
**********The result of Branch and Price**********
**********The result of Branch and Price**********
