cg end!
The columns size of CG = 1368
begin to obtain upper bound by heuristic method
begin to solve solve_UB_using_IPsolver
begin to solve integer program
CPXPARAM_TimeLimit                               1800
CPXPARAM_Threads                                 8
Found incumbent of value 152.000000 after 0.00 sec. (0.20 ticks)
Tried aggregator 2 times.
MIP Presolve eliminated 96 rows and 1396 columns.
Aggregator did 2 substitutions.
Reduced MIP has 34 rows, 169 columns, and 1939 nonzeros.
Reduced MIP has 169 binaries, 0 generals, 0 SOSs, and 0 indicators.
Presolve time = 0.02 sec. (8.32 ticks)
Probing time = 0.00 sec. (0.08 ticks)
Tried aggregator 1 time.
MIP Presolve eliminated 0 rows and 5 columns.
Reduced MIP has 34 rows, 164 columns, and 1901 nonzeros.
Reduced MIP has 164 binaries, 0 generals, 0 SOSs, and 0 indicators.
Presolve time = 0.00 sec. (1.22 ticks)
Probing time = 0.00 sec. (0.08 ticks)
Clique table members: 1.
MIP emphasis: balance optimality and feasibility.
MIP search method: dynamic search.
Parallel mode: deterministic, using up to 8 threads.
Root relaxation solution time = 0.00 sec. (0.29 ticks)

        Nodes                                         Cuts/
   Node  Left     Objective  IInf  Best Integer    Best Bound    ItCnt     Gap

*     0+    0                          152.0000       16.0000            89.47%
*     0+    0                          104.0000       16.0000            84.62%
*     0     0      integral     0       90.0000       90.0000       35    0.00%
Elapsed time = 0.02 sec. (10.82 ticks, tree = 0.00 MB, solutions = 2)

Root node processing (before b&c):
  Real time             =    0.02 sec. (10.90 ticks)
Parallel b&c, 8 threads:
  Real time             =    0.00 sec. (0.00 ticks)
  Sync time (average)   =    0.00 sec.
  Wait time (average)   =    0.00 sec.
                          ------------
Total (root+branch&cut) =    0.02 sec. (10.90 ticks)
Congratulate!! find an integer solution!!
***********The information of result from CG algorithm**********
***********The information of result from CG algorithm**********
***********The information of result from CG algorithm**********
The time running CG = 0.534
The iter number  = 64
The information of optimal solution:
The cost = 90
The routes:
The decision value of route5: 1	the cost of route: 4	the path of route:(0,9),(1,11),(0,1),
The decision value of route80: 1	the cost of route: 8	the path of route:(0,1),(2,3),(7,5),(2,7),(0,9),
The decision value of route829: 1	the cost of route: 4	the path of route:(0,9),(3,11),(0,1),
The decision value of route1083: 1	the cost of route: 6	the path of route:(0,8),(6,11),(0,2),
The decision value of route1085: 1	the cost of route: 6	the path of route:(0,8),(4,11),(0,2),
The decision value of route1177: 1	the cost of route: 8	the path of route:(0,7),(8,11),(0,3),
The decision value of route1184: 1	the cost of route: 6	the path of route:(0,8),(5,11),(0,2),
The decision value of route1187: 1	the cost of route: 10	the path of route:(0,0),(4,3),(9,5),(4,7),(0,10),
The decision value of route1237: 1	the cost of route: 8	the path of route:(0,7),(9,11),(0,3),
The decision value of route1276: 1	the cost of route: 4	the path of route:(0,9),(2,11),(0,1),
The decision value of route1280: 1	the cost of route: 8	the path of route:(0,7),(7,11),(0,3),
The decision value of route1293: 1	the cost of route: 10	the path of route:(0,0),(6,3),(10,5),(6,7),(0,10),
The decision value of route1337: 1	the cost of route: 8	the path of route:(0,7),(10,11),(0,3),

The avg target number per drone = 1.46154
The max drones num at same time = 12

1e+08	90	99.9999	lower
ip solution: 90
90	90	0	upper
already find the best integer solution in the root node! 
 
**********The result of Branch and Price**********
**********The result of Branch and Price**********
**********The result of Branch and Price**********
the running time of root node = 0.534 s
the running time of subproblem in the root node = 0.444 s, the percentage = 83.1461 %
the running time of Branch and Price = 5.28522e-312 s
the running time of cg in the whole tree = 0.534 s, the percentage = inf %
the running time of subproblem in the whole tree = 0.444 s, the percentage = 83.1461 %
the running time of heuristic_ip_running_time = 0.026 s
the running time of route enumeration = 0 s
the running time of reduced cost fixing = 0 s
the running time of diving = 5.28522e-312 s
the upper bound = 90
the lower bound = 90
the cost of best lp solution = 90
the gap = 0 %
the column enumeration columns number = 0 
the columns number = 1368 
the branch number = 0
the branch node number = 1
the branch depth = 1
the gap time during [10, 5, 3, 2, 1] = [0, 0, 0, 0, 0]
the ip solution found and time = (90, 0.567), 

the solution associated with upper bound: 
The cost = 90
The routes:
The decision value of route5: 1	the cost of route: 4	the path of route:(0,9),(1,11),(0,1),
The decision value of route80: 1	the cost of route: 8	the path of route:(0,1),(2,3),(7,5),(2,7),(0,9),
The decision value of route829: 1	the cost of route: 4	the path of route:(0,9),(3,11),(0,1),
The decision value of route1083: 1	the cost of route: 6	the path of route:(0,8),(6,11),(0,2),
The decision value of route1085: 1	the cost of route: 6	the path of route:(0,8),(4,11),(0,2),
The decision value of route1177: 1	the cost of route: 8	the path of route:(0,7),(8,11),(0,3),
The decision value of route1184: 1	the cost of route: 6	the path of route:(0,8),(5,11),(0,2),
The decision value of route1187: 1	the cost of route: 10	the path of route:(0,0),(4,3),(9,5),(4,7),(0,10),
The decision value of route1237: 1	the cost of route: 8	the path of route:(0,7),(9,11),(0,3),
The decision value of route1276: 1	the cost of route: 4	the path of route:(0,9),(2,11),(0,1),
The decision value of route1280: 1	the cost of route: 8	the path of route:(0,7),(7,11),(0,3),
The decision value of route1293: 1	the cost of route: 10	the path of route:(0,0),(6,3),(10,5),(6,7),(0,10),
The decision value of route1337: 1	the cost of route: 8	the path of route:(0,7),(10,11),(0,3),

The avg target number per drone = 1.46154
The max drones num at same time = 12

the solution associated with lower bound: 
The cost = 90
The routes:
The decision value of route5: 1	the cost of route: 4	the path of route:(0,9),(1,11),(0,1),
The decision value of route80: 1	the cost of route: 8	the path of route:(0,1),(2,3),(7,5),(2,7),(0,9),
The decision value of route829: 1	the cost of route: 4	the path of route:(0,9),(3,11),(0,1),
The decision value of route1083: 1	the cost of route: 6	the path of route:(0,8),(6,11),(0,2),
The decision value of route1085: 1	the cost of route: 6	the path of route:(0,8),(4,11),(0,2),
The decision value of route1177: 1	the cost of route: 8	the path of route:(0,7),(8,11),(0,3),
The decision value of route1184: 1	the cost of route: 6	the path of route:(0,8),(5,11),(0,2),
The decision value of route1187: 1	the cost of route: 10	the path of route:(0,0),(4,3),(9,5),(4,7),(0,10),
The decision value of route1237: 1	the cost of route: 8	the path of route:(0,7),(9,11),(0,3),
The decision value of route1276: 1	the cost of route: 4	the path of route:(0,9),(2,11),(0,1),
The decision value of route1280: 1	the cost of route: 8	the path of route:(0,7),(7,11),(0,3),
The decision value of route1293: 1	the cost of route: 10	the path of route:(0,0),(6,3),(10,5),(6,7),(0,10),
The decision value of route1337: 1	the cost of route: 8	the path of route:(0,7),(10,11),(0,3),

The avg target number per drone = 1.46154
The max drones num at same time = 12

the best lp solution: 
The cost = 90
The routes:
The decision value of route5: 1	the cost of route: 4	the path of route:(0,9),(1,11),(0,1),
The decision value of route80: 1	the cost of route: 8	the path of route:(0,1),(2,3),(7,5),(2,7),(0,9),
The decision value of route829: 1	the cost of route: 4	the path of route:(0,9),(3,11),(0,1),
The decision value of route1083: 1	the cost of route: 6	the path of route:(0,8),(6,11),(0,2),
The decision value of route1085: 1	the cost of route: 6	the path of route:(0,8),(4,11),(0,2),
The decision value of route1177: 1	the cost of route: 8	the path of route:(0,7),(8,11),(0,3),
The decision value of route1184: 1	the cost of route: 6	the path of route:(0,8),(5,11),(0,2),
The decision value of route1187: 1	the cost of route: 10	the path of route:(0,0),(4,3),(9,5),(4,7),(0,10),
The decision value of route1237: 1	the cost of route: 8	the path of route:(0,7),(9,11),(0,3),
The decision value of route1276: 1	the cost of route: 4	the path of route:(0,9),(2,11),(0,1),
The decision value of route1280: 1	the cost of route: 8	the path of route:(0,7),(7,11),(0,3),
The decision value of route1293: 1	the cost of route: 10	the path of route:(0,0),(6,3),(10,5),(6,7),(0,10),
The decision value of route1337: 1	the cost of route: 8	the path of route:(0,7),(10,11),(0,3),

The avg target number per drone = 1.46154
The max drones num at same time = 12

the root columns solution: 
The cost = 90
The routes:
The decision value of route --: 1	the cost of route: 8	the path of route:(0,7),(9,11),(0,3),
The decision value of route --: 1	the cost of route: 8	the path of route:(0,7),(10,11),(0,3),
The decision value of route --: 1	the cost of route: 6	the path of route:(0,8),(5,11),(0,2),
The decision value of route --: 1	the cost of route: 6	the path of route:(0,8),(4,11),(0,2),
The decision value of route --: 1	the cost of route: 4	the path of route:(0,9),(2,11),(0,1),
The decision value of route --: 1	the cost of route: 4	the path of route:(0,9),(1,11),(0,1),
The decision value of route --: 1	the cost of route: 8	the path of route:(0,1),(2,3),(7,5),(2,7),(0,9),
The decision value of route --: 1	the cost of route: 4	the path of route:(0,9),(3,11),(0,1),
The decision value of route --: 1	the cost of route: 6	the path of route:(0,8),(6,11),(0,2),
The decision value of route --: 1	the cost of route: 9	the path of route:(0,6),(4,9),(8,11),(0,3),
The decision value of route --: 1	the cost of route: 10	the path of route:(0,0),(6,3),(9,5),(6,7),(0,10),
The decision value of route --: 1	the cost of route: 9	the path of route:(0,0),(4,3),(10,5),(0,9),
The decision value of route --: 1	the cost of route: 8	the path of route:(0,7),(2,9),(7,11),(0,3),

The avg target number per drone = 1.53846
The max drones num at same time = 12

the reduced cost solution: 
The cost = 1.26572e-311
The routes:

The avg target number per drone = -nan(ind)
The max drones num at same time = 0

the last bp solution: 
The cost = 6.95328e-310
The routes:

The avg target number per drone = -nan(ind)
The max drones num at same time = 0

**********The result of Branch and Price**********
**********The result of Branch and Price**********
**********The result of Branch and Price**********
